Plugin v0.0.1 running on KiCad 8.0.5 and Python 3.9.13 (v3.9.13:6de2ca5339, May 17 2022, 11:37:23) 
[Clang 13.0.0 (clang-1300.0.29.30)] on darwin.
Imported /Users/quillansmith/Documents/KiCad/8BitAdder/../XorGate/XorGate.kicad_pcb, with 14 footprints, 67 tracks, and 2 drawings.
Imported /Users/quillansmith/Documents/KiCad/8BitAdder/../AndGate/AndGate.kicad_pcb, with 8 footprints, 22 tracks, and 2 drawings.
Imported /Users/quillansmith/Documents/KiCad/8BitAdder/../LedIndicator/LedIndicator.kicad_pcb, with 4 footprints, 9 tracks, and 1 drawings.
Imported /Users/quillansmith/Documents/KiCad/8BitAdder/../OrGate/OrGate.kicad_pcb, with 8 footprints, 24 tracks, and 2 drawings.
Imported /Users/quillansmith/Documents/KiCad/8BitAdder/../Adder/Adder.kicad_pcb, with 65 footprints, 286 tracks, and 15 drawings.
Imported /Users/quillansmith/Documents/KiCad/8BitAdder/8BitAdder.kicad_pcb, with 553 footprints, 2626 tracks, and 136 drawings.
Root (+ PCB /Users/quillansmith/Documents/KiCad/8BitAdder/8BitAdder.kicad_pcb)
├─ Led7 (+ PCB /Users/quillansmith/Documents/KiCad/8BitAdder/../LedIndicator/LedIndicator.kicad_pcb)
├─ Led9 (+ PCB /Users/quillansmith/Documents/KiCad/8BitAdder/../LedIndicator/LedIndicator.kicad_pcb)
├─ Led6 (+ PCB /Users/quillansmith/Documents/KiCad/8BitAdder/../LedIndicator/LedIndicator.kicad_pcb)
├─ Adder1 (+ PCB /Users/quillansmith/Documents/KiCad/8BitAdder/../Adder/Adder.kicad_pcb)
│  ├─ And Gate2 (+ PCB /Users/quillansmith/Documents/KiCad/8BitAdder/../AndGate/AndGate.kicad_pcb)
│  ├─ And Gate3 (+ PCB /Users/quillansmith/Documents/KiCad/8BitAdder/../AndGate/AndGate.kicad_pcb)
│  ├─ Led1 (+ PCB /Users/quillansmith/Documents/KiCad/8BitAdder/../LedIndicator/LedIndicator.kicad_pcb)
│  ├─ Led2 (+ PCB /Users/quillansmith/Documents/KiCad/8BitAdder/../LedIndicator/LedIndicator.kicad_pcb)
│  ├─ Or Gate1 (+ PCB /Users/quillansmith/Documents/KiCad/8BitAdder/../OrGate/OrGate.kicad_pcb)
│  ├─ XorGate2 (+ PCB /Users/quillansmith/Documents/KiCad/8BitAdder/../XorGate/XorGate.kicad_pcb)
│  ├─ Led (+ PCB /Users/quillansmith/Documents/KiCad/8BitAdder/../LedIndicator/LedIndicator.kicad_pcb)
│  ├─ XorGate1 (+ PCB /Users/quillansmith/Documents/KiCad/8BitAdder/../XorGate/XorGate.kicad_pcb)
├─ Adder0 (+ PCB /Users/quillansmith/Documents/KiCad/8BitAdder/../Adder/Adder.kicad_pcb)
│  ├─ And Gate2 (+ PCB /Users/quillansmith/Documents/KiCad/8BitAdder/../AndGate/AndGate.kicad_pcb)
│  ├─ And Gate3 (+ PCB /Users/quillansmith/Documents/KiCad/8BitAdder/../AndGate/AndGate.kicad_pcb)
│  ├─ Led1 (+ PCB /Users/quillansmith/Documents/KiCad/8BitAdder/../LedIndicator/LedIndicator.kicad_pcb)
│  ├─ Led2 (+ PCB /Users/quillansmith/Documents/KiCad/8BitAdder/../LedIndicator/LedIndicator.kicad_pcb)
│  ├─ Or Gate1 (+ PCB /Users/quillansmith/Documents/KiCad/8BitAdder/../OrGate/OrGate.kicad_pcb)
│  ├─ XorGate2 (+ PCB /Users/quillansmith/Documents/KiCad/8BitAdder/../XorGate/XorGate.kicad_pcb)
│  ├─ Led (+ PCB /Users/quillansmith/Documents/KiCad/8BitAdder/../LedIndicator/LedIndicator.kicad_pcb)
│  ├─ XorGate1 (+ PCB /Users/quillansmith/Documents/KiCad/8BitAdder/../XorGate/XorGate.kicad_pcb)
├─ Led4 (+ PCB /Users/quillansmith/Documents/KiCad/8BitAdder/../LedIndicator/LedIndicator.kicad_pcb)
├─ Led1 (+ PCB /Users/quillansmith/Documents/KiCad/8BitAdder/../LedIndicator/LedIndicator.kicad_pcb)
├─ Adder6 (+ PCB /Users/quillansmith/Documents/KiCad/8BitAdder/../Adder/Adder.kicad_pcb)
│  ├─ And Gate2 (+ PCB /Users/quillansmith/Documents/KiCad/8BitAdder/../AndGate/AndGate.kicad_pcb)
│  ├─ And Gate3 (+ PCB /Users/quillansmith/Documents/KiCad/8BitAdder/../AndGate/AndGate.kicad_pcb)
│  ├─ Led1 (+ PCB /Users/quillansmith/Documents/KiCad/8BitAdder/../LedIndicator/LedIndicator.kicad_pcb)
│  ├─ Led2 (+ PCB /Users/quillansmith/Documents/KiCad/8BitAdder/../LedIndicator/LedIndicator.kicad_pcb)
│  ├─ Or Gate1 (+ PCB /Users/quillansmith/Documents/KiCad/8BitAdder/../OrGate/OrGate.kicad_pcb)
│  ├─ XorGate2 (+ PCB /Users/quillansmith/Documents/KiCad/8BitAdder/../XorGate/XorGate.kicad_pcb)
│  ├─ Led (+ PCB /Users/quillansmith/Documents/KiCad/8BitAdder/../LedIndicator/LedIndicator.kicad_pcb)
│  ├─ XorGate1 (+ PCB /Users/quillansmith/Documents/KiCad/8BitAdder/../XorGate/XorGate.kicad_pcb)
├─ Adder2 (+ PCB /Users/quillansmith/Documents/KiCad/8BitAdder/../Adder/Adder.kicad_pcb)
│  ├─ And Gate2 (+ PCB /Users/quillansmith/Documents/KiCad/8BitAdder/../AndGate/AndGate.kicad_pcb)
│  ├─ And Gate3 (+ PCB /Users/quillansmith/Documents/KiCad/8BitAdder/../AndGate/AndGate.kicad_pcb)
│  ├─ Led1 (+ PCB /Users/quillansmith/Documents/KiCad/8BitAdder/../LedIndicator/LedIndicator.kicad_pcb)
│  ├─ Led2 (+ PCB /Users/quillansmith/Documents/KiCad/8BitAdder/../LedIndicator/LedIndicator.kicad_pcb)
│  ├─ Or Gate1 (+ PCB /Users/quillansmith/Documents/KiCad/8BitAdder/../OrGate/OrGate.kicad_pcb)
│  ├─ XorGate2 (+ PCB /Users/quillansmith/Documents/KiCad/8BitAdder/../XorGate/XorGate.kicad_pcb)
│  ├─ Led (+ PCB /Users/quillansmith/Documents/KiCad/8BitAdder/../LedIndicator/LedIndicator.kicad_pcb)
│  ├─ XorGate1 (+ PCB /Users/quillansmith/Documents/KiCad/8BitAdder/../XorGate/XorGate.kicad_pcb)
├─ Led8 (+ PCB /Users/quillansmith/Documents/KiCad/8BitAdder/../LedIndicator/LedIndicator.kicad_pcb)
├─ Adder3 (+ PCB /Users/quillansmith/Documents/KiCad/8BitAdder/../Adder/Adder.kicad_pcb)
│  ├─ And Gate2 (+ PCB /Users/quillansmith/Documents/KiCad/8BitAdder/../AndGate/AndGate.kicad_pcb)
│  ├─ And Gate3 (+ PCB /Users/quillansmith/Documents/KiCad/8BitAdder/../AndGate/AndGate.kicad_pcb)
│  ├─ Led1 (+ PCB /Users/quillansmith/Documents/KiCad/8BitAdder/../LedIndicator/LedIndicator.kicad_pcb)
│  ├─ Led2 (+ PCB /Users/quillansmith/Documents/KiCad/8BitAdder/../LedIndicator/LedIndicator.kicad_pcb)
│  ├─ Or Gate1 (+ PCB /Users/quillansmith/Documents/KiCad/8BitAdder/../OrGate/OrGate.kicad_pcb)
│  ├─ XorGate2 (+ PCB /Users/quillansmith/Documents/KiCad/8BitAdder/../XorGate/XorGate.kicad_pcb)
│  ├─ Led (+ PCB /Users/quillansmith/Documents/KiCad/8BitAdder/../LedIndicator/LedIndicator.kicad_pcb)
│  ├─ XorGate1 (+ PCB /Users/quillansmith/Documents/KiCad/8BitAdder/../XorGate/XorGate.kicad_pcb)
├─ Led5 (+ PCB /Users/quillansmith/Documents/KiCad/8BitAdder/../LedIndicator/LedIndicator.kicad_pcb)
├─ Adder4 (+ PCB /Users/quillansmith/Documents/KiCad/8BitAdder/../Adder/Adder.kicad_pcb)
│  ├─ And Gate2 (+ PCB /Users/quillansmith/Documents/KiCad/8BitAdder/../AndGate/AndGate.kicad_pcb)
│  ├─ And Gate3 (+ PCB /Users/quillansmith/Documents/KiCad/8BitAdder/../AndGate/AndGate.kicad_pcb)
│  ├─ Led1 (+ PCB /Users/quillansmith/Documents/KiCad/8BitAdder/../LedIndicator/LedIndicator.kicad_pcb)
│  ├─ Led2 (+ PCB /Users/quillansmith/Documents/KiCad/8BitAdder/../LedIndicator/LedIndicator.kicad_pcb)
│  ├─ Or Gate1 (+ PCB /Users/quillansmith/Documents/KiCad/8BitAdder/../OrGate/OrGate.kicad_pcb)
│  ├─ XorGate2 (+ PCB /Users/quillansmith/Documents/KiCad/8BitAdder/../XorGate/XorGate.kicad_pcb)
│  ├─ Led (+ PCB /Users/quillansmith/Documents/KiCad/8BitAdder/../LedIndicator/LedIndicator.kicad_pcb)
│  ├─ XorGate1 (+ PCB /Users/quillansmith/Documents/KiCad/8BitAdder/../XorGate/XorGate.kicad_pcb)
├─ Led0 (+ PCB /Users/quillansmith/Documents/KiCad/8BitAdder/../LedIndicator/LedIndicator.kicad_pcb)
├─ Adder5 (+ PCB /Users/quillansmith/Documents/KiCad/8BitAdder/../Adder/Adder.kicad_pcb)
│  ├─ And Gate2 (+ PCB /Users/quillansmith/Documents/KiCad/8BitAdder/../AndGate/AndGate.kicad_pcb)
│  ├─ And Gate3 (+ PCB /Users/quillansmith/Documents/KiCad/8BitAdder/../AndGate/AndGate.kicad_pcb)
│  ├─ Led1 (+ PCB /Users/quillansmith/Documents/KiCad/8BitAdder/../LedIndicator/LedIndicator.kicad_pcb)
│  ├─ Led2 (+ PCB /Users/quillansmith/Documents/KiCad/8BitAdder/../LedIndicator/LedIndicator.kicad_pcb)
│  ├─ Or Gate1 (+ PCB /Users/quillansmith/Documents/KiCad/8BitAdder/../OrGate/OrGate.kicad_pcb)
│  ├─ XorGate2 (+ PCB /Users/quillansmith/Documents/KiCad/8BitAdder/../XorGate/XorGate.kicad_pcb)
│  ├─ Led (+ PCB /Users/quillansmith/Documents/KiCad/8BitAdder/../LedIndicator/LedIndicator.kicad_pcb)
│  ├─ XorGate1 (+ PCB /Users/quillansmith/Documents/KiCad/8BitAdder/../XorGate/XorGate.kicad_pcb)
├─ Adder7 (+ PCB /Users/quillansmith/Documents/KiCad/8BitAdder/../Adder/Adder.kicad_pcb)
│  ├─ And Gate2 (+ PCB /Users/quillansmith/Documents/KiCad/8BitAdder/../AndGate/AndGate.kicad_pcb)
│  ├─ And Gate3 (+ PCB /Users/quillansmith/Documents/KiCad/8BitAdder/../AndGate/AndGate.kicad_pcb)
│  ├─ Led1 (+ PCB /Users/quillansmith/Documents/KiCad/8BitAdder/../LedIndicator/LedIndicator.kicad_pcb)
│  ├─ Led2 (+ PCB /Users/quillansmith/Documents/KiCad/8BitAdder/../LedIndicator/LedIndicator.kicad_pcb)
│  ├─ Or Gate1 (+ PCB /Users/quillansmith/Documents/KiCad/8BitAdder/../OrGate/OrGate.kicad_pcb)
│  ├─ XorGate2 (+ PCB /Users/quillansmith/Documents/KiCad/8BitAdder/../XorGate/XorGate.kicad_pcb)
│  ├─ Led (+ PCB /Users/quillansmith/Documents/KiCad/8BitAdder/../LedIndicator/LedIndicator.kicad_pcb)
│  ├─ XorGate1 (+ PCB /Users/quillansmith/Documents/KiCad/8BitAdder/../XorGate/XorGate.kicad_pcb)
PCB /Users/quillansmith/Documents/KiCad/8BitAdder/../XorGate/XorGate.kicad_pcb
  /de372515: Q2
  /943dab95: R5
  /3c09e2c8: R7
  /c06780ef: Q3
  /5e309dc6: R8
  /6a9ae1df: R4
  /f80dba93: Q6
  /cd564687: Q5
  /2ac2539a: R6
  /0943c08c: R1
  /17acf17c: Q1
  /b8f8edc1: R3
  /fc70942b: Q4
  /3184acd8: R2
PCB /Users/quillansmith/Documents/KiCad/8BitAdder/../AndGate/AndGate.kicad_pcb
  /fc568754: Q3
  /e4acbc1d: R1
  /c6e7dabb: R4
  /3c4af7c9: Q2
  /ac1d31ce: R3
  /9313e8c7: R5
  /406cfb11: R2
  /877220bf: Q1
PCB /Users/quillansmith/Documents/KiCad/8BitAdder/../LedIndicator/LedIndicator.kicad_pcb
  /4546dbcb: R1
  /de3c3848: R2
  /2c92f6a1: D1
  /7ef6607b: Q1
PCB /Users/quillansmith/Documents/KiCad/8BitAdder/../OrGate/OrGate.kicad_pcb
  /8394089b: R3
  /869c943c: Q2
  /afc2826d: R4
  /b87ad0e1: R5
  /2028d869: R1
  /5b199d2c: Q3
  /4e84457c: Q1
  /8dbfc47d: R2
PCB /Users/quillansmith/Documents/KiCad/8BitAdder/../Adder/Adder.kicad_pcb
  /bd5e17e3/cd564687: Q14
  /6762572c/4546dbcb: R36
  /91a87fbd/4e84457c: Q19
  /bd5e17e3/2ac2539a: R19
  /3e285999/fc568754: Q18
  /bd5e17e3/b8f8edc1: R16
  /bd5e17e3/0943c08c: R14
  /5fb2648c/de3c3848: R35
  /3e285999/9313e8c7: R26
  /5fb2648c/2c92f6a1: D2
  /6762572c/de3c3848: R37
  /bd5e17e3/fc70942b: Q13
  /91a87fbd/2028d869: R29
  /91a87fbd/5b199d2c: Q21
  /6762572c/7ef6607b: Q24
  /43118dbb/fc568754: Q9
  /b72b3e2b/2ac2539a: R6
  /91a87fbd/8394089b: R31
  /91a87fbd/869c943c: Q20
  /b72b3e2b/b8f8edc1: R3
  /bbf36b14/2c92f6a1: D1
  /3e285999/406cfb11: R23
  /b72b3e2b/c06780ef: Q3
  /b72b3e2b/5e309dc6: R8
  /b72b3e2b/3184acd8: R2
  /3e285999/e4acbc1d: R22
  /91a87fbd/b87ad0e1: R28
  /b72b3e2b/cd564687: Q5
  /3e285999/877220bf: Q16
  /5fb2648c/4546dbcb: R34
  /43118dbb/406cfb11: R10
  /bd5e17e3/de372515: Q11
  /5fb2648c/7ef6607b: Q23
  /3e285999/ac1d31ce: R24
  /bd5e17e3/6a9ae1df: R17
  /bd5e17e3/3184acd8: R15
  /b72b3e2b/de372515: Q2
  /43118dbb/9313e8c7: R13
  /bbf36b14/de3c3848: R33
  /bbf36b14/4546dbcb: R32
  /bd5e17e3/3c09e2c8: R20
  /bd5e17e3/5e309dc6: R21
  /43118dbb/e4acbc1d: R9
  /b72b3e2b/fc70942b: Q4
  /bbf36b14/7ef6607b: Q22
  /b72b3e2b/f80dba93: Q6
  /6efa798e: R38
  /b72b3e2b/943dab95: R5
  /43118dbb/3c4af7c9: Q8
  /91a87fbd/8dbfc47d: R30
  /43118dbb/c6e7dabb: R12
  /91a87fbd/afc2826d: R27
  /bd5e17e3/17acf17c: Q10
  /b72b3e2b/0943c08c: R1
  /bd5e17e3/c06780ef: Q12
  /43118dbb/ac1d31ce: R11
  /b72b3e2b/3c09e2c8: R7
  /43118dbb/877220bf: Q7
  /6762572c/2c92f6a1: D3
  /3e285999/3c4af7c9: Q17
  /bd5e17e3/943dab95: R18
  /3e285999/c6e7dabb: R25
  /b72b3e2b/17acf17c: Q1
  /b72b3e2b/6a9ae1df: R4
  /bd5e17e3/f80dba93: Q15
PCB /Users/quillansmith/Documents/KiCad/8BitAdder/8BitAdder.kicad_pcb
  /b37d1597/bd5e17e3/0943c08c: R108
  /7beba7c8/b72b3e2b/de372515: Q108
  /7beba7c8/3e285999/ac1d31ce: R187
  /b37d1597/bd5e17e3/5e309dc6: R115
  /a9e06841/de3c3848: R264
  /b37d1597/6762572c/4546dbcb: R294
  /7beba7c8/b72b3e2b/3c09e2c8: R170
  /a7a2bd1a/bd5e17e3/3184acd8: R141
  /7beba7c8/b72b3e2b/c06780ef: Q109
  /455b9544/91a87fbd/5b199d2c: Q148
  /f3127c67/43118dbb/e4acbc1d: R45
  /455b9544/bd5e17e3/c06780ef: Q136
  /4d364ad9/b72b3e2b/fc70942b: Q152
  /f3127c67/bd5e17e3/943dab95: R54
  /bb57f857/2c92f6a1: D1
  /70458f73/2c92f6a1: D2
  /7beba7c8/bbf36b14/de3c3848: R305
  /a7a2bd1a/6762572c/de3c3848: R301
  /455b9544/43118dbb/3c4af7c9: Q141
  /7323d64d/bd5e17e3/b8f8edc1: R23
  /f3127c67/bd5e17e3/fc70942b: Q35
  /a9e06841/2c92f6a1: D4
  /7beba7c8/3e285999/9313e8c7: R189
  /bf69b5f9/b72b3e2b/fc70942b: Q47
  /4d364ad9/bd5e17e3/943dab95: R240
  /bb57f857/7ef6607b: Q1
  /7beba7c8/b72b3e2b/3184acd8: R165
  /7323d64d/6efa798e: R12
  /455b9544/91a87fbd/b87ad0e1: R223
  /bf69b5f9/3e285999/406cfb11: R90
  /455b9544/6efa798e: R195
  /4d364ad9/6762572c/7ef6607b: Q199
  /b37d1597/bd5e17e3/cd564687: Q75
  /a7a2bd1a/bd5e17e3/c06780ef: Q94
  /f3127c67/b72b3e2b/17acf17c: Q2
  /a7a2bd1a/b72b3e2b/cd564687: Q90
  /7323d64d/b72b3e2b/3c09e2c8: R19
  /b37d1597/6efa798e: R99
  /4ffb3e3b/4546dbcb: R261
  /7323d64d/bbf36b14/de3c3848: R281
  /bf69b5f9/6efa798e: R44
  /7beba7c8/bd5e17e3/0943c08c: R172
  /f3127c67/5fb2648c/4546dbcb: R278
  /f3127c67/3e285999/406cfb11: R59
  /f3127c67/bbf36b14/de3c3848: R275
  /7beba7c8/91a87fbd/4e84457c: Q125
  /7323d64d/b72b3e2b/3184acd8: R14
  /4d364ad9/b72b3e2b/943dab95: R232
  /455b9544/b72b3e2b/2ac2539a: R201
  /b37d1597/3e285999/c6e7dabb: R124
  /a7a2bd1a/5fb2648c/4546dbcb: R302
  /455b9544/b72b3e2b/5e309dc6: R203
  /b37d1597/43118dbb/fc568754: Q79
  /7323d64d/b72b3e2b/f80dba93: Q13
  /7323d64d/3e285999/406cfb11: R35
  /b37d1597/bd5e17e3/de372515: Q72
  /b37d1597/91a87fbd/b87ad0e1: R127
  /7beba7c8/3e285999/877220bf: Q122
  /4d364ad9/b72b3e2b/5e309dc6: R235
  /455b9544/bd5e17e3/fc70942b: Q137
  /7323d64d/5fb2648c/4546dbcb: R284
  /7323d64d/bd5e17e3/de372515: Q15
  /7323d64d/3e285999/c6e7dabb: R37
  /a7a2bd1a/bbf36b14/de3c3848: R299
  /455b9544/bd5e17e3/17acf17c: Q134
  /f3127c67/b72b3e2b/fc70942b: Q5
  /bb57f857/de3c3848: R2
  /b37d1597/91a87fbd/8394089b: R130
  /bf69b5f9/3e285999/3c4af7c9: Q60
  /4d364ad9/3e285999/c6e7dabb: R252
  /4d364ad9/b72b3e2b/17acf17c: Q149
  /f3127c67/bd5e17e3/de372515: Q33
  /25c341a0/4546dbcb: R271
  /f3127c67/b72b3e2b/f80dba93: Q7
  /f3127c67/b72b3e2b/cd564687: Q6
  /7beba7c8/bd5e17e3/cd564687: Q117
  /a7a2bd1a/91a87fbd/2028d869: R160
  /7beba7c8/3e285999/e4acbc1d: R185
  /f3127c67/3e285999/3c4af7c9: Q39
  /f3127c67/43118dbb/c6e7dabb: R48
  /b37d1597/b72b3e2b/943dab95: R104
  /a7a2bd1a/b72b3e2b/fc70942b: Q89
  /4d364ad9/bd5e17e3/6a9ae1df: R239
  /f3127c67/43118dbb/877220bf: Q29
  /7beba7c8/bbf36b14/7ef6607b: Q192
  /7323d64d/6762572c/de3c3848: R283
  /455b9544/bd5e17e3/0943c08c: R204
  /f3127c67/91a87fbd/afc2826d: R63
  /f3127c67/bd5e17e3/3184acd8: R51
  /7beba7c8/bd5e17e3/5e309dc6: R179
  /b37d1597/43118dbb/3c4af7c9: Q78
  /bf69b5f9/b72b3e2b/5e309dc6: R75
  /b37d1597/bbf36b14/4546dbcb: R292
  /4d364ad9/91a87fbd/2028d869: R256
  /70458f73/de3c3848: R260
  /7323d64d/3e285999/3c4af7c9: Q24
  /4d364ad9/43118dbb/3c4af7c9: Q162
  /a7a2bd1a/3e285999/406cfb11: R154
  /f3127c67/bd5e17e3/cd564687: Q36
  /a7a2bd1a/b72b3e2b/17acf17c: Q86
  /f3127c67/bd5e17e3/5e309dc6: R57
  /7beba7c8/6762572c/de3c3848: R307
  /455b9544/91a87fbd/4e84457c: Q146
  /bf69b5f9/5fb2648c/2c92f6a1: D17
  /455b9544/bd5e17e3/2ac2539a: R209
  /455b9544/43118dbb/ac1d31ce: R214
  /a7a2bd1a/3e285999/3c4af7c9: Q102
  /bf69b5f9/43118dbb/406cfb11: R85
  /b37d1597/b72b3e2b/2ac2539a: R105
  /7beba7c8/91a87fbd/b87ad0e1: R191
  /455b9544/bd5e17e3/6a9ae1df: R207
  /a7a2bd1a/91a87fbd/5b199d2c: Q106
  /7323d64d/43118dbb/406cfb11: R30
  /f3127c67/6762572c/de3c3848: R277
  /f3127c67/91a87fbd/4e84457c: Q41
  /455b9544/b72b3e2b/3184acd8: R197
  /f3127c67/bd5e17e3/17acf17c: Q32
  /b37d1597/bd5e17e3/fc70942b: Q74
  /455b9544/6762572c/4546dbcb: R312
  /a7a2bd1a/3e285999/877220bf: Q101
  /a7a2bd1a/91a87fbd/b87ad0e1: R159
  /7beba7c8/bbf36b14/4546dbcb: R304
  /bf69b5f9/91a87fbd/8dbfc47d: R97
  /bf69b5f9/43118dbb/ac1d31ce: R86
  /b37d1597/43118dbb/406cfb11: R117
  /7beba7c8/b72b3e2b/5e309dc6: R171
  /455b9544/b72b3e2b/17acf17c: Q128
  /7323d64d/b72b3e2b/de372515: Q9
  /b37d1597/5fb2648c/4546dbcb: R296
  /a7a2bd1a/43118dbb/c6e7dabb: R151
  /7beba7c8/b72b3e2b/cd564687: Q111
  /7323d64d/bd5e17e3/3c09e2c8: R27
  /4466460c/2c92f6a1: D5
  /455b9544/bbf36b14/de3c3848: R311
  /455b9544/5fb2648c/2c92f6a1: D29
  /7beba7c8/3e285999/406cfb11: R186
  /bf69b5f9/bd5e17e3/b8f8edc1: R78
  /a7a2bd1a/91a87fbd/4e84457c: Q104
  /a7a2bd1a/5fb2648c/7ef6607b: Q191
  /a7a2bd1a/91a87fbd/8dbfc47d: R161
  /bf69b5f9/3e285999/e4acbc1d: R89
  /4d364ad9/bd5e17e3/3c09e2c8: R242
  /7323d64d/b72b3e2b/cd564687: Q12
  /7323d64d/91a87fbd/afc2826d: R39
  /f3127c67/91a87fbd/8394089b: R67
  /bf69b5f9/bbf36b14/4546dbcb: R286
  /a7a2bd1a/bbf36b14/7ef6607b: Q189
  /4d364ad9/bbf36b14/2c92f6a1: D30
  /4d364ad9/6762572c/de3c3848: R319
  /7323d64d/bd5e17e3/f80dba93: Q19
  /b37d1597/bbf36b14/7ef6607b: Q186
  /b37d1597/91a87fbd/4e84457c: Q83
  /4466460c/7ef6607b: Q173
  /b37d1597/43118dbb/e4acbc1d: R116
  /bf69b5f9/bd5e17e3/3c09e2c8: R82
  /a7a2bd1a/bd5e17e3/0943c08c: R140
  /7beba7c8/91a87fbd/869c943c: Q126
  /7beba7c8/bd5e17e3/fc70942b: Q116
  /7323d64d/3e285999/877220bf: Q23
  /4d364ad9/bd5e17e3/2ac2539a: R241
  /b37d1597/b72b3e2b/f80dba93: Q70
  /7beba7c8/5fb2648c/2c92f6a1: D26
  /4d364ad9/bd5e17e3/0943c08c: R236
  /f3127c67/3e285999/9313e8c7: R62
  /455b9544/91a87fbd/afc2826d: R222
  /7beba7c8/91a87fbd/8dbfc47d: R193
  /4ffb3e3b/7ef6607b: Q171
  /7323d64d/6762572c/7ef6607b: Q181
  /f3127c67/b72b3e2b/2ac2539a: R9
  /b37d1597/43118dbb/ac1d31ce: R118
  /455b9544/bd5e17e3/cd564687: Q138
  /455b9544/b72b3e2b/fc70942b: Q131
  /898c53f9/4546dbcb: R267
  /bf69b5f9/b72b3e2b/f80dba93: Q49
  /7323d64d/3e285999/e4acbc1d: R34
  /bf69b5f9/43118dbb/877220bf: Q56
  /455b9544/bd5e17e3/f80dba93: Q139
  /7323d64d/43118dbb/ac1d31ce: R31
  /4d364ad9/b72b3e2b/b8f8edc1: R230
  /455b9544/6762572c/de3c3848: R313
  /a7a2bd1a/b72b3e2b/c06780ef: Q88
  /f3127c67/bd5e17e3/6a9ae1df: R53
  /a7a2bd1a/5fb2648c/2c92f6a1: D23
  /f3127c67/6762572c/2c92f6a1: D10
  /7323d64d/bbf36b14/2c92f6a1: D12
  /455b9544/91a87fbd/869c943c: Q147
  /f3127c67/bd5e17e3/f80dba93: Q37
  /bf69b5f9/3e285999/fc568754: Q61
  /b37d1597/bd5e17e3/17acf17c: Q71
  /455b9544/bbf36b14/4546dbcb: R310
  /b37d1597/91a87fbd/2028d869: R128
  /a7a2bd1a/43118dbb/ac1d31ce: R150
  /a7a2bd1a/bbf36b14/4546dbcb: R298
  /bf69b5f9/43118dbb/3c4af7c9: Q57
  /bf69b5f9/bbf36b14/de3c3848: R287
  /bb57f857/4546dbcb: R1
  /7beba7c8/bd5e17e3/943dab95: R176
  /b37d1597/b72b3e2b/5e309dc6: R107
  /455b9544/b72b3e2b/b8f8edc1: R198
  /4d364ad9/b72b3e2b/0943c08c: R228
  /7beba7c8/b72b3e2b/b8f8edc1: R166
  /7beba7c8/bd5e17e3/f80dba93: Q118
  /70458f73/7ef6607b: Q170
  /455b9544/bbf36b14/2c92f6a1: D27
  /7323d64d/b72b3e2b/fc70942b: Q11
  /7323d64d/43118dbb/9313e8c7: R33
  /b37d1597/5fb2648c/de3c3848: R297
  /4d364ad9/91a87fbd/8394089b: R258
  /7323d64d/3e285999/9313e8c7: R38
  /4d364ad9/91a87fbd/869c943c: Q168
  /b37d1597/3e285999/e4acbc1d: R121
  /7323d64d/b72b3e2b/5e309dc6: R20
  /a7a2bd1a/b72b3e2b/5e309dc6: R139
  /455b9544/43118dbb/877220bf: Q140
  /a7a2bd1a/43118dbb/877220bf: Q98
  /4d364ad9/6efa798e: R227
  /b37d1597/91a87fbd/5b199d2c: Q85
  /b37d1597/6762572c/2c92f6a1: D19
  /7beba7c8/91a87fbd/5b199d2c: Q127
  /7323d64d/43118dbb/3c4af7c9: Q21
  /f3127c67/3e285999/c6e7dabb: R61
  /455b9544/43118dbb/c6e7dabb: R215
  /a7a2bd1a/43118dbb/fc568754: Q100
  /7beba7c8/91a87fbd/2028d869: R192
  /bf69b5f9/b72b3e2b/b8f8edc1: R70
  /b37d1597/bbf36b14/de3c3848: R293
  /bf69b5f9/b72b3e2b/6a9ae1df: R71
  /b37d1597/b72b3e2b/fc70942b: Q68
  /f3127c67/b72b3e2b/0943c08c: R4
  /b37d1597/bd5e17e3/f80dba93: Q76
  /b37d1597/bd5e17e3/b8f8edc1: R110
  /bf69b5f9/91a87fbd/2028d869: R96
  /bf69b5f9/91a87fbd/869c943c: Q63
  /7beba7c8/43118dbb/877220bf: Q119
  /b37d1597/bbf36b14/2c92f6a1: D18
  /7323d64d/b72b3e2b/943dab95: R17
  /7323d64d/91a87fbd/5b199d2c: Q28
  /bf69b5f9/91a87fbd/4e84457c: Q62
  /4d364ad9/5fb2648c/4546dbcb: R320
  /b37d1597/b72b3e2b/cd564687: Q69
  /bf69b5f9/bd5e17e3/2ac2539a: R81
  /4d364ad9/3e285999/9313e8c7: R253
  /a7a2bd1a/b72b3e2b/6a9ae1df: R135
  /4d364ad9/3e285999/3c4af7c9: Q165
  /7beba7c8/b72b3e2b/943dab95: R168
  /7323d64d/3e285999/fc568754: Q25
  /7beba7c8/43118dbb/9313e8c7: R184
  /4d364ad9/b72b3e2b/de372515: Q150
  /bf69b5f9/b72b3e2b/0943c08c: R68
  /f3127c67/bd5e17e3/b8f8edc1: R52
  /4d364ad9/b72b3e2b/6a9ae1df: R231
  /4d364ad9/b72b3e2b/2ac2539a: R233
  /4d364ad9/91a87fbd/5b199d2c: Q169
  /2c278f58/7ef6607b: Q175
  /7beba7c8/bd5e17e3/3c09e2c8: R178
  /f3127c67/43118dbb/fc568754: Q31
  /2c278f58/2c92f6a1: D7
  /b37d1597/43118dbb/c6e7dabb: R119
  /b37d1597/b72b3e2b/c06780ef: Q67
  /a7a2bd1a/bd5e17e3/f80dba93: Q97
  /4d364ad9/43118dbb/877220bf: Q161
  /a9e06841/4546dbcb: R263
  /455b9544/bd5e17e3/3c09e2c8: R210
  /4d364ad9/91a87fbd/4e84457c: Q167
  /7323d64d/5fb2648c/de3c3848: R285
  /b37d1597/43118dbb/9313e8c7: R120
  /bf69b5f9/bd5e17e3/cd564687: Q54
  /bf69b5f9/bd5e17e3/6a9ae1df: R79
  /4d364ad9/b72b3e2b/3184acd8: R229
  /4d364ad9/3e285999/ac1d31ce: R251
  /b37d1597/6762572c/de3c3848: R295
  /7323d64d/bbf36b14/4546dbcb: R280
  /4d364ad9/b72b3e2b/f80dba93: Q154
  /455b9544/91a87fbd/8dbfc47d: R225
  /f3127c67/6efa798e: R3
  /455b9544/bd5e17e3/de372515: Q135
  /bf69b5f9/5fb2648c/7ef6607b: Q185
  /f3127c67/3e285999/ac1d31ce: R60
  /f3127c67/bd5e17e3/0943c08c: R50
  /4d364ad9/bd5e17e3/5e309dc6: R243
  /b37d1597/bd5e17e3/c06780ef: Q73
  /7323d64d/bd5e17e3/943dab95: R25
  /7323d64d/b72b3e2b/0943c08c: R13
  /bf69b5f9/91a87fbd/b87ad0e1: R95
  /455b9544/b72b3e2b/c06780ef: Q130
  /7323d64d/91a87fbd/2028d869: R41
  /f3127c67/bd5e17e3/2ac2539a: R55
  /4d364ad9/5fb2648c/de3c3848: R321
  /7beba7c8/5fb2648c/7ef6607b: Q194
  /bf69b5f9/43118dbb/9313e8c7: R88
  /455b9544/43118dbb/9313e8c7: R216
  /a7a2bd1a/bd5e17e3/17acf17c: Q92
  /bf69b5f9/6762572c/2c92f6a1: D16
  /bf69b5f9/91a87fbd/5b199d2c: Q64
  /bf69b5f9/bd5e17e3/fc70942b: Q53
  /f3127c67/6762572c/7ef6607b: Q178
  /4d364ad9/91a87fbd/b87ad0e1: R255
  /455b9544/b72b3e2b/0943c08c: R196
  /a7a2bd1a/b72b3e2b/3c09e2c8: R138
  /b37d1597/bd5e17e3/3184acd8: R109
  /b37d1597/3e285999/3c4af7c9: Q81
  /a7a2bd1a/b72b3e2b/943dab95: R136
  /7323d64d/b72b3e2b/2ac2539a: R18
  /4d364ad9/b72b3e2b/3c09e2c8: R234
  /b37d1597/6762572c/7ef6607b: Q187
  /b37d1597/b72b3e2b/17acf17c: Q65
  /f3127c67/5fb2648c/2c92f6a1: D11
  /7beba7c8/b72b3e2b/2ac2539a: R169
  /455b9544/3e285999/e4acbc1d: R217
  /455b9544/b72b3e2b/f80dba93: Q133
  /7323d64d/bd5e17e3/6a9ae1df: R24
  /4d364ad9/3e285999/877220bf: Q164
  /7323d64d/bd5e17e3/fc70942b: Q17
  /f3127c67/3e285999/e4acbc1d: R58
  /7beba7c8/5fb2648c/de3c3848: R309
  /f3127c67/91a87fbd/b87ad0e1: R64
  /4d364ad9/43118dbb/fc568754: Q163
  /a7a2bd1a/91a87fbd/afc2826d: R158
  /b37d1597/5fb2648c/2c92f6a1: D20
  /f3127c67/bd5e17e3/3c09e2c8: R56
  /b37d1597/b72b3e2b/3184acd8: R101
  /a7a2bd1a/43118dbb/e4acbc1d: R148
  /4d364ad9/91a87fbd/8dbfc47d: R257
  /a7a2bd1a/b72b3e2b/de372515: Q87
  /7323d64d/91a87fbd/4e84457c: Q26
  /bf69b5f9/b72b3e2b/17acf17c: Q44
  /455b9544/3e285999/c6e7dabb: R220
  /7323d64d/bd5e17e3/c06780ef: Q16
  /a7a2bd1a/bd5e17e3/cd564687: Q96
  /f3127c67/5fb2648c/7ef6607b: Q179
  /7beba7c8/bd5e17e3/6a9ae1df: R175
  /455b9544/bd5e17e3/5e309dc6: R211
  /455b9544/b72b3e2b/943dab95: R200
  /7323d64d/b72b3e2b/17acf17c: Q8
  /4d364ad9/6762572c/4546dbcb: R318
  /bf69b5f9/bbf36b14/2c92f6a1: D15
  /a7a2bd1a/3e285999/ac1d31ce: R155
  /a7a2bd1a/6762572c/7ef6607b: Q190
  /455b9544/bd5e17e3/b8f8edc1: R206
  /25c341a0/2c92f6a1: D8
  /78f0d888: R273
  /7beba7c8/91a87fbd/afc2826d: R190
  /a7a2bd1a/6762572c/2c92f6a1: D22
  /bf69b5f9/b72b3e2b/2ac2539a: R73
  /a7a2bd1a/6762572c/4546dbcb: R300
  /7323d64d/bd5e17e3/5e309dc6: R28
  /bf69b5f9/b72b3e2b/de372515: Q45
  /bf69b5f9/43118dbb/fc568754: Q58
  /b37d1597/bd5e17e3/3c09e2c8: R114
  /bf69b5f9/b72b3e2b/943dab95: R72
  /4d364ad9/bd5e17e3/c06780ef: Q157
  /4d364ad9/bbf36b14/4546dbcb: R316
  /bf69b5f9/b72b3e2b/c06780ef: Q46
  /455b9544/91a87fbd/8394089b: R226
  /7323d64d/6762572c/2c92f6a1: D13
  /7beba7c8/b72b3e2b/fc70942b: Q110
  /4ffb3e3b/de3c3848: R262
  /f3127c67/43118dbb/406cfb11: R46
  /455b9544/91a87fbd/2028d869: R224
  /a7a2bd1a/b72b3e2b/b8f8edc1: R134
  /bf69b5f9/bd5e17e3/de372515: Q51
  /7beba7c8/bd5e17e3/3184acd8: R173
  /b37d1597/3e285999/406cfb11: R122
  /4d364ad9/bd5e17e3/cd564687: Q159
  /455b9544/6762572c/7ef6607b: Q196
  /f3127c67/b72b3e2b/6a9ae1df: R7
  /455b9544/6762572c/2c92f6a1: D28
  /455b9544/5fb2648c/7ef6607b: Q197
  /7323d64d/91a87fbd/b87ad0e1: R40
  /7beba7c8/3e285999/fc568754: Q124
  /7beba7c8/bd5e17e3/17acf17c: Q113
  /7beba7c8/3e285999/3c4af7c9: Q123
  /bf69b5f9/5fb2648c/de3c3848: R291
  /4d364ad9/5fb2648c/2c92f6a1: D32
  /455b9544/43118dbb/406cfb11: R213
  /a7a2bd1a/b72b3e2b/3184acd8: R133
  /bf69b5f9/3e285999/877220bf: Q59
  /a7a2bd1a/91a87fbd/8394089b: R162
  /4466460c/de3c3848: R266
  /7beba7c8/bd5e17e3/c06780ef: Q115
  /f3127c67/bd5e17e3/c06780ef: Q34
  /455b9544/b72b3e2b/de372515: Q129
  /bf69b5f9/6762572c/7ef6607b: Q184
  /b37d1597/5fb2648c/7ef6607b: Q188
  /7beba7c8/6762572c/4546dbcb: R306
  /898c53f9/2c92f6a1: D6
  /7323d64d/43118dbb/e4acbc1d: R29
  /455b9544/bd5e17e3/3184acd8: R205
  /7beba7c8/b72b3e2b/f80dba93: Q112
  /f3127c67/5fb2648c/de3c3848: R279
  /7beba7c8/5fb2648c/4546dbcb: R308
  /4d364ad9/43118dbb/e4acbc1d: R244
  /7beba7c8/3e285999/c6e7dabb: R188
  /a7a2bd1a/43118dbb/9313e8c7: R152
  /a7a2bd1a/b72b3e2b/f80dba93: Q91
  /a7a2bd1a/bd5e17e3/3c09e2c8: R146
  /a7a2bd1a/b72b3e2b/0943c08c: R132
  /f3127c67/bbf36b14/2c92f6a1: D9
  /25c341a0/de3c3848: R272
  /4d364ad9/bd5e17e3/fc70942b: Q158
  /a7a2bd1a/b72b3e2b/2ac2539a: R137
  /b37d1597/3e285999/9313e8c7: R125
  /4d364ad9/5fb2648c/7ef6607b: Q200
  /f3127c67/91a87fbd/8dbfc47d: R66
  /f3127c67/91a87fbd/869c943c: Q42
  /7beba7c8/bbf36b14/2c92f6a1: D24
  /4d364ad9/bd5e17e3/de372515: Q156
  /b37d1597/b72b3e2b/b8f8edc1: R102
  /a7a2bd1a/bd5e17e3/6a9ae1df: R143
  /f3127c67/bbf36b14/4546dbcb: R274
  /b37d1597/bd5e17e3/2ac2539a: R113
  /f3127c67/b72b3e2b/5e309dc6: R11
  /455b9544/b72b3e2b/6a9ae1df: R199
  /7beba7c8/bd5e17e3/2ac2539a: R177
  /f3127c67/b72b3e2b/943dab95: R8
  /7beba7c8/b72b3e2b/0943c08c: R164
  /4d364ad9/43118dbb/406cfb11: R245
  /f3127c67/3e285999/fc568754: Q40
  /455b9544/3e285999/406cfb11: R218
  /4466460c/4546dbcb: R265
  /7323d64d/b72b3e2b/c06780ef: Q10
  /4d364ad9/3e285999/fc568754: Q166
  /7323d64d/91a87fbd/869c943c: Q27
  /a7a2bd1a/bd5e17e3/2ac2539a: R145
  /b37d1597/91a87fbd/afc2826d: R126
  /a7a2bd1a/3e285999/fc568754: Q103
  /455b9544/5fb2648c/4546dbcb: R314
  /bf69b5f9/91a87fbd/8394089b: R98
  /7beba7c8/b72b3e2b/6a9ae1df: R167
  /7323d64d/91a87fbd/8394089b: R43
  /a7a2bd1a/43118dbb/406cfb11: R149
  /b37d1597/43118dbb/877220bf: Q77
  /4d364ad9/43118dbb/9313e8c7: R248
  /455b9544/3e285999/877220bf: Q143
  /bf69b5f9/3e285999/9313e8c7: R93
  /a7a2bd1a/bd5e17e3/b8f8edc1: R142
  /a7a2bd1a/3e285999/c6e7dabb: R156
  /7323d64d/6762572c/4546dbcb: R282
  /a7a2bd1a/bbf36b14/2c92f6a1: D21
  /a7a2bd1a/5fb2648c/de3c3848: R303
  /7323d64d/bd5e17e3/0943c08c: R21
  /7beba7c8/43118dbb/ac1d31ce: R182
  /bf69b5f9/bd5e17e3/f80dba93: Q55
  /bf69b5f9/43118dbb/e4acbc1d: R84
  /455b9544/3e285999/3c4af7c9: Q144
  /b37d1597/3e285999/ac1d31ce: R123
  /f3127c67/43118dbb/9313e8c7: R49
  /bf69b5f9/b72b3e2b/3184acd8: R69
  /a7a2bd1a/bd5e17e3/5e309dc6: R147
  /7beba7c8/b72b3e2b/17acf17c: Q107
  /4d364ad9/bbf36b14/7ef6607b: Q198
  /455b9544/b72b3e2b/3c09e2c8: R202
  /7beba7c8/bd5e17e3/de372515: Q114
  /7beba7c8/6762572c/2c92f6a1: D25
  /4d364ad9/3e285999/e4acbc1d: R249
  /7beba7c8/6762572c/7ef6607b: Q193
  /7beba7c8/43118dbb/fc568754: Q121
  /bf69b5f9/6762572c/de3c3848: R289
  /bf69b5f9/bd5e17e3/0943c08c: R76
  /a7a2bd1a/3e285999/e4acbc1d: R153
  /f3127c67/3e285999/877220bf: Q38
  /f3127c67/91a87fbd/2028d869: R65
  /2c278f58/de3c3848: R270
  /b37d1597/91a87fbd/8dbfc47d: R129
  /7beba7c8/43118dbb/3c4af7c9: Q120
  /bf69b5f9/b72b3e2b/cd564687: Q48
  /f3127c67/b72b3e2b/3184acd8: R5
  /bf69b5f9/bd5e17e3/3184acd8: R77
  /b37d1597/3e285999/fc568754: Q82
  /2c278f58/4546dbcb: R269
  /b37d1597/b72b3e2b/de372515: Q66
  /f3127c67/bbf36b14/7ef6607b: Q177
  /7beba7c8/43118dbb/406cfb11: R181
  /455b9544/3e285999/9313e8c7: R221
  /a7a2bd1a/6efa798e: R131
  /7323d64d/bd5e17e3/17acf17c: Q14
  /b37d1597/91a87fbd/869c943c: Q84
  /bf69b5f9/b72b3e2b/3c09e2c8: R74
  /b37d1597/bd5e17e3/943dab95: R112
  /4d364ad9/bd5e17e3/b8f8edc1: R238
  /4d364ad9/91a87fbd/afc2826d: R254
  /b37d1597/bd5e17e3/6a9ae1df: R111
  /4ffb3e3b/2c92f6a1: D3
  /4d364ad9/bd5e17e3/3184acd8: R237
  /455b9544/43118dbb/e4acbc1d: R212
  /4d364ad9/3e285999/406cfb11: R250
  /a7a2bd1a/3e285999/9313e8c7: R157
  /bf69b5f9/43118dbb/c6e7dabb: R87
  /f3127c67/43118dbb/3c4af7c9: Q30
  /7323d64d/5fb2648c/7ef6607b: Q182
  /bf69b5f9/5fb2648c/4546dbcb: R290
  /bf69b5f9/6762572c/4546dbcb: R288
  /4d364ad9/43118dbb/ac1d31ce: R246
  /7323d64d/43118dbb/877220bf: Q20
  /4d364ad9/b72b3e2b/cd564687: Q153
  /7323d64d/43118dbb/fc568754: Q22
  /455b9544/3e285999/fc568754: Q145
  /bf69b5f9/91a87fbd/afc2826d: R94
  /455b9544/3e285999/ac1d31ce: R219
  /455b9544/bd5e17e3/943dab95: R208
  /4d364ad9/bbf36b14/de3c3848: R317
  /f3127c67/91a87fbd/5b199d2c: Q43
  /bf69b5f9/bbf36b14/7ef6607b: Q183
  /a9e06841/7ef6607b: Q172
  /a7a2bd1a/bd5e17e3/de372515: Q93
  /b37d1597/b72b3e2b/3c09e2c8: R106
  /898c53f9/7ef6607b: Q174
  /a7a2bd1a/bd5e17e3/943dab95: R144
  /bf69b5f9/bd5e17e3/c06780ef: Q52
  /f3127c67/b72b3e2b/de372515: Q3
  /455b9544/bbf36b14/7ef6607b: Q195
  /a7a2bd1a/43118dbb/3c4af7c9: Q99
  /7beba7c8/43118dbb/c6e7dabb: R183
  /bf69b5f9/bd5e17e3/17acf17c: Q50
  /7beba7c8/43118dbb/e4acbc1d: R180
  /7323d64d/b72b3e2b/b8f8edc1: R15
  /7323d64d/3e285999/ac1d31ce: R36
  /455b9544/5fb2648c/de3c3848: R315
  /f3127c67/6762572c/4546dbcb: R276
  /25c341a0/7ef6607b: Q176
  /7323d64d/bd5e17e3/2ac2539a: R26
  /7323d64d/bd5e17e3/3184acd8: R22
  /bf69b5f9/bd5e17e3/5e309dc6: R83
  /f3127c67/43118dbb/ac1d31ce: R47
  /7323d64d/5fb2648c/2c92f6a1: D14
  /b37d1597/b72b3e2b/6a9ae1df: R103
  /7beba7c8/6efa798e: R163
  /a7a2bd1a/bd5e17e3/fc70942b: Q95
  /4d364ad9/bd5e17e3/f80dba93: Q160
  /7323d64d/43118dbb/c6e7dabb: R32
  /bf69b5f9/bd5e17e3/943dab95: R80
  /7323d64d/bd5e17e3/cd564687: Q18
  /455b9544/43118dbb/fc568754: Q142
  /b37d1597/3e285999/877220bf: Q80
  /7beba7c8/91a87fbd/8394089b: R194
  /898c53f9/de3c3848: R268
  /f3127c67/b72b3e2b/3c09e2c8: R10
  /f3127c67/b72b3e2b/b8f8edc1: R6
  /b37d1597/b72b3e2b/0943c08c: R100
  /455b9544/b72b3e2b/cd564687: Q132
  /4d364ad9/b72b3e2b/c06780ef: Q151
  /f3127c67/b72b3e2b/c06780ef: Q4
  /7beba7c8/bd5e17e3/b8f8edc1: R174
  /7323d64d/bbf36b14/7ef6607b: Q180
  /4d364ad9/6762572c/2c92f6a1: D31
  /4d364ad9/bd5e17e3/17acf17c: Q155
  /bf69b5f9/3e285999/ac1d31ce: R91
  /7323d64d/91a87fbd/8dbfc47d: R42
  /7323d64d/b72b3e2b/6a9ae1df: R16
  /70458f73/4546dbcb: R259
  /bf69b5f9/3e285999/c6e7dabb: R92
  /a7a2bd1a/91a87fbd/869c943c: Q105
  /4d364ad9/43118dbb/c6e7dabb: R247
Selected for 0 : /Users/quillansmith/Documents/KiCad/8BitAdder/../Adder/Adder.kicad_pcb
Anchors  (Q1): ['D1', 'D2', 'D3', 'Q1', 'Q10', 'Q11', 'Q12', 'Q13', 'Q14', 'Q15', 'Q16', 'Q17', 'Q18', 'Q19', 'Q2', 'Q20', 'Q21', 'Q22', 'Q23', 'Q24', 'Q3', 'Q4', 'Q5', 'Q6', 'Q7', 'Q8', 'Q9', 'R1', 'R10', 'R11', 'R12', 'R13', 'R14', 'R15', 'R16', 'R17', 'R18', 'R19', 'R2', 'R20', 'R21', 'R22', 'R23', 'R24', 'R25', 'R26', 'R27', 'R28', 'R29', 'R3', 'R30', 'R31', 'R32', 'R33', 'R34', 'R35', 'R36', 'R37', 'R38', 'R4', 'R5', 'R6', 'R7', 'R8', 'R9']
Saved.
