Plugin v0.0.1 running on KiCad 8.0.5 and Python 3.9.13 (v3.9.13:6de2ca5339, May 17 2022, 11:37:23) 
[Clang 13.0.0 (clang-1300.0.29.30)] on darwin.
Imported /Users/quillansmith/Documents/KiCad/C00000001/../AndGate/AndGate.kicad_pcb, with 8 footprints, 22 tracks, and 2 drawings.
Imported /Users/quillansmith/Documents/KiCad/C00000001/../XorGate/XorGate.kicad_pcb, with 14 footprints, 67 tracks, and 2 drawings.
Imported /Users/quillansmith/Documents/KiCad/C00000001/../LedIndicator/LedIndicator.kicad_pcb, with 4 footprints, 9 tracks, and 1 drawings.
Imported /Users/quillansmith/Documents/KiCad/C00000001/C00000001.kicad_pcb, with 700 footprints, 3194 tracks, and 406 drawings.
Imported /Users/quillansmith/Documents/KiCad/C00000001/../8BitLedIndicator/8BitLedIndicator.kicad_pcb, with 33 footprints, 72 tracks, and 8 drawings.
Imported /Users/quillansmith/Documents/KiCad/C00000001/../OrGate/OrGate.kicad_pcb, with 8 footprints, 24 tracks, and 2 drawings.
Imported /Users/quillansmith/Documents/KiCad/C00000001/../Adder/Adder.kicad_pcb, with 65 footprints, 286 tracks, and 15 drawings.
Imported /Users/quillansmith/Documents/KiCad/C00000001/../8BitSwitch/8BitSwitch.kicad_pcb, with 8 footprints, 0 tracks, and 0 drawings.
Imported /Users/quillansmith/Documents/KiCad/C00000001/../PowerInput/PowerInput.kicad_pcb, with 5 footprints, 11 tracks, and 0 drawings.
Imported /Users/quillansmith/Documents/KiCad/C00000001/../8BitAdder/8BitAdder.kicad_pcb, with 553 footprints, 2512 tracks, and 136 drawings.
Root (+ PCB /Users/quillansmith/Documents/KiCad/C00000001/C00000001.kicad_pcb)
├─ 8BitLedIndicatorSUM (+ PCB /Users/quillansmith/Documents/KiCad/C00000001/../8BitLedIndicator/8BitLedIndicator.kicad_pcb)
│  ├─ LedIndicator2 (+ PCB /Users/quillansmith/Documents/KiCad/C00000001/../LedIndicator/LedIndicator.kicad_pcb)
│  ├─ LedIndicator7 (+ PCB /Users/quillansmith/Documents/KiCad/C00000001/../LedIndicator/LedIndicator.kicad_pcb)
│  ├─ LedIndicator3 (+ PCB /Users/quillansmith/Documents/KiCad/C00000001/../LedIndicator/LedIndicator.kicad_pcb)
│  ├─ LedIndicator6 (+ PCB /Users/quillansmith/Documents/KiCad/C00000001/../LedIndicator/LedIndicator.kicad_pcb)
│  ├─ LedIndicator1 (+ PCB /Users/quillansmith/Documents/KiCad/C00000001/../LedIndicator/LedIndicator.kicad_pcb)
│  ├─ LedIndicator4 (+ PCB /Users/quillansmith/Documents/KiCad/C00000001/../LedIndicator/LedIndicator.kicad_pcb)
│  ├─ LedIndicator (+ PCB /Users/quillansmith/Documents/KiCad/C00000001/../LedIndicator/LedIndicator.kicad_pcb)
│  ├─ LedIndicator5 (+ PCB /Users/quillansmith/Documents/KiCad/C00000001/../LedIndicator/LedIndicator.kicad_pcb)
├─ 8-Bit Adder (+ PCB /Users/quillansmith/Documents/KiCad/C00000001/../8BitAdder/8BitAdder.kicad_pcb)
│  ├─ Led7 (+ PCB /Users/quillansmith/Documents/KiCad/C00000001/../LedIndicator/LedIndicator.kicad_pcb)
│  ├─ Led9 (+ PCB /Users/quillansmith/Documents/KiCad/C00000001/../LedIndicator/LedIndicator.kicad_pcb)
│  ├─ Led6 (+ PCB /Users/quillansmith/Documents/KiCad/C00000001/../LedIndicator/LedIndicator.kicad_pcb)
│  ├─ Adder1 (+ PCB /Users/quillansmith/Documents/KiCad/C00000001/../Adder/Adder.kicad_pcb)
│  │  ├─ And Gate2 (+ PCB /Users/quillansmith/Documents/KiCad/C00000001/../AndGate/AndGate.kicad_pcb)
│  │  ├─ And Gate3 (+ PCB /Users/quillansmith/Documents/KiCad/C00000001/../AndGate/AndGate.kicad_pcb)
│  │  ├─ Led1 (+ PCB /Users/quillansmith/Documents/KiCad/C00000001/../LedIndicator/LedIndicator.kicad_pcb)
│  │  ├─ Led2 (+ PCB /Users/quillansmith/Documents/KiCad/C00000001/../LedIndicator/LedIndicator.kicad_pcb)
│  │  ├─ Or Gate1 (+ PCB /Users/quillansmith/Documents/KiCad/C00000001/../OrGate/OrGate.kicad_pcb)
│  │  ├─ XorGate2 (+ PCB /Users/quillansmith/Documents/KiCad/C00000001/../XorGate/XorGate.kicad_pcb)
│  │  ├─ Led (+ PCB /Users/quillansmith/Documents/KiCad/C00000001/../LedIndicator/LedIndicator.kicad_pcb)
│  │  ├─ XorGate1 (+ PCB /Users/quillansmith/Documents/KiCad/C00000001/../XorGate/XorGate.kicad_pcb)
│  ├─ Adder0 (+ PCB /Users/quillansmith/Documents/KiCad/C00000001/../Adder/Adder.kicad_pcb)
│  │  ├─ And Gate2 (+ PCB /Users/quillansmith/Documents/KiCad/C00000001/../AndGate/AndGate.kicad_pcb)
│  │  ├─ And Gate3 (+ PCB /Users/quillansmith/Documents/KiCad/C00000001/../AndGate/AndGate.kicad_pcb)
│  │  ├─ Led1 (+ PCB /Users/quillansmith/Documents/KiCad/C00000001/../LedIndicator/LedIndicator.kicad_pcb)
│  │  ├─ Led2 (+ PCB /Users/quillansmith/Documents/KiCad/C00000001/../LedIndicator/LedIndicator.kicad_pcb)
│  │  ├─ Or Gate1 (+ PCB /Users/quillansmith/Documents/KiCad/C00000001/../OrGate/OrGate.kicad_pcb)
│  │  ├─ XorGate2 (+ PCB /Users/quillansmith/Documents/KiCad/C00000001/../XorGate/XorGate.kicad_pcb)
│  │  ├─ Led (+ PCB /Users/quillansmith/Documents/KiCad/C00000001/../LedIndicator/LedIndicator.kicad_pcb)
│  │  ├─ XorGate1 (+ PCB /Users/quillansmith/Documents/KiCad/C00000001/../XorGate/XorGate.kicad_pcb)
│  ├─ Led4 (+ PCB /Users/quillansmith/Documents/KiCad/C00000001/../LedIndicator/LedIndicator.kicad_pcb)
│  ├─ Led1 (+ PCB /Users/quillansmith/Documents/KiCad/C00000001/../LedIndicator/LedIndicator.kicad_pcb)
│  ├─ Adder6 (+ PCB /Users/quillansmith/Documents/KiCad/C00000001/../Adder/Adder.kicad_pcb)
│  │  ├─ And Gate2 (+ PCB /Users/quillansmith/Documents/KiCad/C00000001/../AndGate/AndGate.kicad_pcb)
│  │  ├─ And Gate3 (+ PCB /Users/quillansmith/Documents/KiCad/C00000001/../AndGate/AndGate.kicad_pcb)
│  │  ├─ Led1 (+ PCB /Users/quillansmith/Documents/KiCad/C00000001/../LedIndicator/LedIndicator.kicad_pcb)
│  │  ├─ Led2 (+ PCB /Users/quillansmith/Documents/KiCad/C00000001/../LedIndicator/LedIndicator.kicad_pcb)
│  │  ├─ Or Gate1 (+ PCB /Users/quillansmith/Documents/KiCad/C00000001/../OrGate/OrGate.kicad_pcb)
│  │  ├─ XorGate2 (+ PCB /Users/quillansmith/Documents/KiCad/C00000001/../XorGate/XorGate.kicad_pcb)
│  │  ├─ Led (+ PCB /Users/quillansmith/Documents/KiCad/C00000001/../LedIndicator/LedIndicator.kicad_pcb)
│  │  ├─ XorGate1 (+ PCB /Users/quillansmith/Documents/KiCad/C00000001/../XorGate/XorGate.kicad_pcb)
│  ├─ Adder2 (+ PCB /Users/quillansmith/Documents/KiCad/C00000001/../Adder/Adder.kicad_pcb)
│  │  ├─ And Gate2 (+ PCB /Users/quillansmith/Documents/KiCad/C00000001/../AndGate/AndGate.kicad_pcb)
│  │  ├─ And Gate3 (+ PCB /Users/quillansmith/Documents/KiCad/C00000001/../AndGate/AndGate.kicad_pcb)
│  │  ├─ Led1 (+ PCB /Users/quillansmith/Documents/KiCad/C00000001/../LedIndicator/LedIndicator.kicad_pcb)
│  │  ├─ Led2 (+ PCB /Users/quillansmith/Documents/KiCad/C00000001/../LedIndicator/LedIndicator.kicad_pcb)
│  │  ├─ Or Gate1 (+ PCB /Users/quillansmith/Documents/KiCad/C00000001/../OrGate/OrGate.kicad_pcb)
│  │  ├─ XorGate2 (+ PCB /Users/quillansmith/Documents/KiCad/C00000001/../XorGate/XorGate.kicad_pcb)
│  │  ├─ Led (+ PCB /Users/quillansmith/Documents/KiCad/C00000001/../LedIndicator/LedIndicator.kicad_pcb)
│  │  ├─ XorGate1 (+ PCB /Users/quillansmith/Documents/KiCad/C00000001/../XorGate/XorGate.kicad_pcb)
│  ├─ Led8 (+ PCB /Users/quillansmith/Documents/KiCad/C00000001/../LedIndicator/LedIndicator.kicad_pcb)
│  ├─ Adder3 (+ PCB /Users/quillansmith/Documents/KiCad/C00000001/../Adder/Adder.kicad_pcb)
│  │  ├─ And Gate2 (+ PCB /Users/quillansmith/Documents/KiCad/C00000001/../AndGate/AndGate.kicad_pcb)
│  │  ├─ And Gate3 (+ PCB /Users/quillansmith/Documents/KiCad/C00000001/../AndGate/AndGate.kicad_pcb)
│  │  ├─ Led1 (+ PCB /Users/quillansmith/Documents/KiCad/C00000001/../LedIndicator/LedIndicator.kicad_pcb)
│  │  ├─ Led2 (+ PCB /Users/quillansmith/Documents/KiCad/C00000001/../LedIndicator/LedIndicator.kicad_pcb)
│  │  ├─ Or Gate1 (+ PCB /Users/quillansmith/Documents/KiCad/C00000001/../OrGate/OrGate.kicad_pcb)
│  │  ├─ XorGate2 (+ PCB /Users/quillansmith/Documents/KiCad/C00000001/../XorGate/XorGate.kicad_pcb)
│  │  ├─ Led (+ PCB /Users/quillansmith/Documents/KiCad/C00000001/../LedIndicator/LedIndicator.kicad_pcb)
│  │  ├─ XorGate1 (+ PCB /Users/quillansmith/Documents/KiCad/C00000001/../XorGate/XorGate.kicad_pcb)
│  ├─ Led5 (+ PCB /Users/quillansmith/Documents/KiCad/C00000001/../LedIndicator/LedIndicator.kicad_pcb)
│  ├─ Adder4 (+ PCB /Users/quillansmith/Documents/KiCad/C00000001/../Adder/Adder.kicad_pcb)
│  │  ├─ And Gate2 (+ PCB /Users/quillansmith/Documents/KiCad/C00000001/../AndGate/AndGate.kicad_pcb)
│  │  ├─ And Gate3 (+ PCB /Users/quillansmith/Documents/KiCad/C00000001/../AndGate/AndGate.kicad_pcb)
│  │  ├─ Led1 (+ PCB /Users/quillansmith/Documents/KiCad/C00000001/../LedIndicator/LedIndicator.kicad_pcb)
│  │  ├─ Led2 (+ PCB /Users/quillansmith/Documents/KiCad/C00000001/../LedIndicator/LedIndicator.kicad_pcb)
│  │  ├─ Or Gate1 (+ PCB /Users/quillansmith/Documents/KiCad/C00000001/../OrGate/OrGate.kicad_pcb)
│  │  ├─ XorGate2 (+ PCB /Users/quillansmith/Documents/KiCad/C00000001/../XorGate/XorGate.kicad_pcb)
│  │  ├─ Led (+ PCB /Users/quillansmith/Documents/KiCad/C00000001/../LedIndicator/LedIndicator.kicad_pcb)
│  │  ├─ XorGate1 (+ PCB /Users/quillansmith/Documents/KiCad/C00000001/../XorGate/XorGate.kicad_pcb)
│  ├─ Led0 (+ PCB /Users/quillansmith/Documents/KiCad/C00000001/../LedIndicator/LedIndicator.kicad_pcb)
│  ├─ Adder5 (+ PCB /Users/quillansmith/Documents/KiCad/C00000001/../Adder/Adder.kicad_pcb)
│  │  ├─ And Gate2 (+ PCB /Users/quillansmith/Documents/KiCad/C00000001/../AndGate/AndGate.kicad_pcb)
│  │  ├─ And Gate3 (+ PCB /Users/quillansmith/Documents/KiCad/C00000001/../AndGate/AndGate.kicad_pcb)
│  │  ├─ Led1 (+ PCB /Users/quillansmith/Documents/KiCad/C00000001/../LedIndicator/LedIndicator.kicad_pcb)
│  │  ├─ Led2 (+ PCB /Users/quillansmith/Documents/KiCad/C00000001/../LedIndicator/LedIndicator.kicad_pcb)
│  │  ├─ Or Gate1 (+ PCB /Users/quillansmith/Documents/KiCad/C00000001/../OrGate/OrGate.kicad_pcb)
│  │  ├─ XorGate2 (+ PCB /Users/quillansmith/Documents/KiCad/C00000001/../XorGate/XorGate.kicad_pcb)
│  │  ├─ Led (+ PCB /Users/quillansmith/Documents/KiCad/C00000001/../LedIndicator/LedIndicator.kicad_pcb)
│  │  ├─ XorGate1 (+ PCB /Users/quillansmith/Documents/KiCad/C00000001/../XorGate/XorGate.kicad_pcb)
│  ├─ Adder7 (+ PCB /Users/quillansmith/Documents/KiCad/C00000001/../Adder/Adder.kicad_pcb)
│  │  ├─ And Gate2 (+ PCB /Users/quillansmith/Documents/KiCad/C00000001/../AndGate/AndGate.kicad_pcb)
│  │  ├─ And Gate3 (+ PCB /Users/quillansmith/Documents/KiCad/C00000001/../AndGate/AndGate.kicad_pcb)
│  │  ├─ Led1 (+ PCB /Users/quillansmith/Documents/KiCad/C00000001/../LedIndicator/LedIndicator.kicad_pcb)
│  │  ├─ Led2 (+ PCB /Users/quillansmith/Documents/KiCad/C00000001/../LedIndicator/LedIndicator.kicad_pcb)
│  │  ├─ Or Gate1 (+ PCB /Users/quillansmith/Documents/KiCad/C00000001/../OrGate/OrGate.kicad_pcb)
│  │  ├─ XorGate2 (+ PCB /Users/quillansmith/Documents/KiCad/C00000001/../XorGate/XorGate.kicad_pcb)
│  │  ├─ Led (+ PCB /Users/quillansmith/Documents/KiCad/C00000001/../LedIndicator/LedIndicator.kicad_pcb)
│  │  ├─ XorGate1 (+ PCB /Users/quillansmith/Documents/KiCad/C00000001/../XorGate/XorGate.kicad_pcb)
├─ 5VInput (+ PCB /Users/quillansmith/Documents/KiCad/C00000001/../PowerInput/PowerInput.kicad_pcb)
├─ 8BitSwitchB (+ PCB /Users/quillansmith/Documents/KiCad/C00000001/../8BitSwitch/8BitSwitch.kicad_pcb)
├─ 8BitLedIndicatorB (+ PCB /Users/quillansmith/Documents/KiCad/C00000001/../8BitLedIndicator/8BitLedIndicator.kicad_pcb)
│  ├─ LedIndicator2 (+ PCB /Users/quillansmith/Documents/KiCad/C00000001/../LedIndicator/LedIndicator.kicad_pcb)
│  ├─ LedIndicator7 (+ PCB /Users/quillansmith/Documents/KiCad/C00000001/../LedIndicator/LedIndicator.kicad_pcb)
│  ├─ LedIndicator3 (+ PCB /Users/quillansmith/Documents/KiCad/C00000001/../LedIndicator/LedIndicator.kicad_pcb)
│  ├─ LedIndicator6 (+ PCB /Users/quillansmith/Documents/KiCad/C00000001/../LedIndicator/LedIndicator.kicad_pcb)
│  ├─ LedIndicator1 (+ PCB /Users/quillansmith/Documents/KiCad/C00000001/../LedIndicator/LedIndicator.kicad_pcb)
│  ├─ LedIndicator4 (+ PCB /Users/quillansmith/Documents/KiCad/C00000001/../LedIndicator/LedIndicator.kicad_pcb)
│  ├─ LedIndicator (+ PCB /Users/quillansmith/Documents/KiCad/C00000001/../LedIndicator/LedIndicator.kicad_pcb)
│  ├─ LedIndicator5 (+ PCB /Users/quillansmith/Documents/KiCad/C00000001/../LedIndicator/LedIndicator.kicad_pcb)
├─ LedIndicator (+ PCB /Users/quillansmith/Documents/KiCad/C00000001/../LedIndicator/LedIndicator.kicad_pcb)
├─ 8BitLedIndicatorA (+ PCB /Users/quillansmith/Documents/KiCad/C00000001/../8BitLedIndicator/8BitLedIndicator.kicad_pcb)
│  ├─ LedIndicator2 (+ PCB /Users/quillansmith/Documents/KiCad/C00000001/../LedIndicator/LedIndicator.kicad_pcb)
│  ├─ LedIndicator7 (+ PCB /Users/quillansmith/Documents/KiCad/C00000001/../LedIndicator/LedIndicator.kicad_pcb)
│  ├─ LedIndicator3 (+ PCB /Users/quillansmith/Documents/KiCad/C00000001/../LedIndicator/LedIndicator.kicad_pcb)
│  ├─ LedIndicator6 (+ PCB /Users/quillansmith/Documents/KiCad/C00000001/../LedIndicator/LedIndicator.kicad_pcb)
│  ├─ LedIndicator1 (+ PCB /Users/quillansmith/Documents/KiCad/C00000001/../LedIndicator/LedIndicator.kicad_pcb)
│  ├─ LedIndicator4 (+ PCB /Users/quillansmith/Documents/KiCad/C00000001/../LedIndicator/LedIndicator.kicad_pcb)
│  ├─ LedIndicator (+ PCB /Users/quillansmith/Documents/KiCad/C00000001/../LedIndicator/LedIndicator.kicad_pcb)
│  ├─ LedIndicator5 (+ PCB /Users/quillansmith/Documents/KiCad/C00000001/../LedIndicator/LedIndicator.kicad_pcb)
├─ 8BitSwitchA (+ PCB /Users/quillansmith/Documents/KiCad/C00000001/../8BitSwitch/8BitSwitch.kicad_pcb)
PCB /Users/quillansmith/Documents/KiCad/C00000001/../AndGate/AndGate.kicad_pcb
  /fc568754: Q3
  /e4acbc1d: R1
  /c6e7dabb: R4
  /3c4af7c9: Q2
  /ac1d31ce: R3
  /9313e8c7: R5
  /406cfb11: R2
  /877220bf: Q1
PCB /Users/quillansmith/Documents/KiCad/C00000001/../XorGate/XorGate.kicad_pcb
  /de372515: Q2
  /943dab95: R5
  /3c09e2c8: R7
  /c06780ef: Q3
  /5e309dc6: R8
  /6a9ae1df: R4
  /f80dba93: Q6
  /cd564687: Q5
  /2ac2539a: R6
  /0943c08c: R1
  /17acf17c: Q1
  /b8f8edc1: R3
  /fc70942b: Q4
  /3184acd8: R2
PCB /Users/quillansmith/Documents/KiCad/C00000001/../LedIndicator/LedIndicator.kicad_pcb
  /4546dbcb: R1
  /de3c3848: R2
  /2c92f6a1: D1
  /7ef6607b: Q1
PCB /Users/quillansmith/Documents/KiCad/C00000001/C00000001.kicad_pcb
  /10fdb65d/a7a2bd1a/43118dbb/fc568754: Q117
  /10fdb65d/7beba7c8/b72b3e2b/943dab95: R219
  /10fdb65d/f3127c67/b72b3e2b/0943c08c: R55
  /0047197a/8964610f/7ef6607b: Q23
  /10fdb65d/7beba7c8/b72b3e2b/b8f8edc1: R217
  /10fdb65d/b37d1597/b72b3e2b/3184acd8: R152
  /10fdb65d/7323d64d/bd5e17e3/c06780ef: Q57
  /10fdb65d/a7a2bd1a/b72b3e2b/b8f8edc1: R185
  /10fdb65d/f3127c67/b72b3e2b/f80dba93: Q30
  /10fdb65d/b37d1597/bd5e17e3/5e309dc6: R171
  /7d3d5bf7/b44e5e8c/7ef6607b: Q13
  /8e63c257/b44e5e8c/de3c3848: R9
  /10fdb65d/a7a2bd1a/b72b3e2b/3c09e2c8: R189
  /10fdb65d/7beba7c8/5fb2648c/4546dbcb: R346
  /0047197a/8964610f/2c92f6a1: D24
  /10fdb65d/bf69b5f9/b72b3e2b/c06780ef: Q69
  /10fdb65d/4d364ad9/5fb2648c/4546dbcb: R358
  /8e63c257/23c70c2b/2c92f6a1: D6
  /10fdb65d/4d364ad9/bd5e17e3/6a9ae1df: R295
  /10fdb65d/7323d64d/bd5e17e3/6a9ae1df: R103
  /3b8d6b09: H6
  /0047197a/48d1ae45: R38
  /10fdb65d/b37d1597/bd5e17e3/17acf17c: Q97
  /10fdb65d/455b9544/bd5e17e3/2ac2539a: R265
  /10fdb65d/7beba7c8/3e285999/877220bf: Q145
  /8e63c257/9c3fa465/7ef6607b: Q7
  /10fdb65d/7beba7c8/91a87fbd/5b199d2c: Q150
  /10fdb65d/455b9544/6762572c/de3c3848: R351
  /10fdb65d/4d364ad9/3e285999/406cfb11: R301
  /10fdb65d/4d364ad9/5fb2648c/2c92f6a1: D50
  /0047197a/2fd6b956/4546dbcb: R49
  /80ffe7f0: R382
  /10fdb65d/7beba7c8/91a87fbd/8dbfc47d: R244
  /10fdb65d/7beba7c8/5fb2648c/de3c3848: R347
  /8e63c257/23c70c2b/7ef6607b: Q5
  /10fdb65d/a7a2bd1a/b72b3e2b/3184acd8: R184
  /10fdb65d/455b9544/bd5e17e3/6a9ae1df: R263
  /10fdb65d/7beba7c8/6762572c/2c92f6a1: D43
  /8e63c257/2fd6b956/4546dbcb: R24
  /10fdb65d/f3127c67/5fb2648c/7ef6607b: Q196
  /10fdb65d/455b9544/bd5e17e3/3184acd8: R261
  /10fdb65d/4d364ad9/3e285999/fc568754: Q189
  /10fdb65d/7beba7c8/b72b3e2b/2ac2539a: R220
  /10fdb65d/4d364ad9/43118dbb/877220bf: Q178
  /10fdb65d/7323d64d/b72b3e2b/0943c08c: R87
  /10fdb65d/4d364ad9/b72b3e2b/6a9ae1df: R282
  /10fdb65d/4d364ad9/6762572c/4546dbcb: R356
  /10fdb65d/b37d1597/b72b3e2b/943dab95: R155
  /10fdb65d/bf69b5f9/43118dbb/ac1d31ce: R129
  /10fdb65d/7beba7c8/43118dbb/ac1d31ce: R225
  /10fdb65d/7323d64d/b72b3e2b/cd564687: Q50
  /953400b9: R381
  /10fdb65d/25c341a0/7ef6607b: Q225
  /10fdb65d/f3127c67/6762572c/2c92f6a1: D28
  /10fdb65d/455b9544/b72b3e2b/0943c08c: R247
  /10fdb65d/b37d1597/43118dbb/ac1d31ce: R161
  /10fdb65d/bf69b5f9/3e285999/ac1d31ce: R142
  /10fdb65d/455b9544/b72b3e2b/943dab95: R251
  /10fdb65d/f3127c67/43118dbb/ac1d31ce: R65
  /10fdb65d/bf69b5f9/91a87fbd/4e84457c: Q85
  /10fdb65d/455b9544/b72b3e2b/5e309dc6: R254
  /10fdb65d/f3127c67/bd5e17e3/3c09e2c8: R74
  /0047197a/9658996c/de3c3848: R44
  /10fdb65d/bf69b5f9/bd5e17e3/c06780ef: Q78
  /10fdb65d/7beba7c8/6762572c/de3c3848: R345
  /7d3d5bf7/8964610f/de3c3848: R35
  /10fdb65d/b37d1597/3e285999/877220bf: Q103
  /10fdb65d/f3127c67/bbf36b14/7ef6607b: Q194
  /10fdb65d/a9e06841/4546dbcb: R366
  /10fdb65d/4d364ad9/6efa798e: R278
  /10fdb65d/b37d1597/6762572c/4546dbcb: R332
  /10fdb65d/bf69b5f9/b72b3e2b/f80dba93: Q72
  /10fdb65d/7323d64d/3e285999/fc568754: Q63
  /10fdb65d/4d364ad9/91a87fbd/869c943c: Q191
  /10fdb65d/7323d64d/91a87fbd/b87ad0e1: R114
  /0047197a/f6aecefe/2c92f6a1: D25
  /10fdb65d/455b9544/b72b3e2b/b8f8edc1: R249
  /0047197a/362b73e3/2c92f6a1: D19
  /10fdb65d/a7a2bd1a/b72b3e2b/5e309dc6: R190
  /10fdb65d/f3127c67/43118dbb/c6e7dabb: R66
  /10fdb65d/bf69b5f9/43118dbb/406cfb11: R128
  /10fdb65d/b37d1597/91a87fbd/4e84457c: Q106
  /47b2a9d3: U1
  /10fdb65d/bf69b5f9/bd5e17e3/cd564687: Q80
  /10fdb65d/f3127c67/bd5e17e3/0943c08c: R68
  /6d9f857e/c965a878: SW7
  /10fdb65d/7323d64d/43118dbb/3c4af7c9: Q53
  /0047197a/f6aecefe/7ef6607b: Q24
  /10fdb65d/a7a2bd1a/b72b3e2b/6a9ae1df: R186
  /10fdb65d/7beba7c8/bd5e17e3/de372515: Q140
  /10fdb65d/7323d64d/91a87fbd/afc2826d: R113
  /10fdb65d/455b9544/5fb2648c/4546dbcb: R352
  /10fdb65d/7beba7c8/b72b3e2b/cd564687: Q134
  /10fdb65d/a7a2bd1a/b72b3e2b/c06780ef: Q111
  /10fdb65d/70458f73/7ef6607b: Q223
  /3085fcf0/45dbf98e: C1
  /7d3d5bf7/23c70c2b/de3c3848: R6
  /10fdb65d/b37d1597/b72b3e2b/cd564687: Q92
  /10fdb65d/455b9544/bd5e17e3/17acf17c: Q160
  /10fdb65d/b37d1597/6762572c/7ef6607b: Q204
  /10fdb65d/7beba7c8/91a87fbd/2028d869: R243
  /7d3d5bf7/23c70c2b/2c92f6a1: D2
  /10fdb65d/a7a2bd1a/bd5e17e3/3184acd8: R197
  /10fdb65d/7323d64d/bd5e17e3/943dab95: R104
  /10fdb65d/a7a2bd1a/91a87fbd/869c943c: Q128
  /10fdb65d/4d364ad9/bbf36b14/de3c3848: R355
  /8e63c257/9c3fa465/de3c3848: R19
  /8e63c257/48d1ae45: R7
  /10fdb65d/b37d1597/91a87fbd/5b199d2c: Q108
  /10fdb65d/a9e06841/de3c3848: R367
  /10fdb65d/f3127c67/b72b3e2b/17acf17c: Q25
  /10fdb65d/455b9544/b72b3e2b/3c09e2c8: R253
  /10fdb65d/f3127c67/bd5e17e3/fc70942b: Q37
  /0047197a/9658996c/7ef6607b: Q19
  /10fdb65d/4d364ad9/bd5e17e3/0943c08c: R292
  /10fdb65d/b37d1597/43118dbb/3c4af7c9: Q95
  /10fdb65d/f3127c67/43118dbb/fc568754: Q33
  /10fdb65d/7beba7c8/91a87fbd/b87ad0e1: R242
  /10fdb65d/455b9544/91a87fbd/2028d869: R275
  /10fdb65d/7323d64d/91a87fbd/869c943c: Q65
  /8e63c257/9c3fa465/2c92f6a1: D8
  /10fdb65d/b37d1597/b72b3e2b/b8f8edc1: R153
  /10fdb65d/b37d1597/bd5e17e3/de372515: Q98
  /10fdb65d/b37d1597/bd5e17e3/2ac2539a: R169
  /10fdb65d/a7a2bd1a/bd5e17e3/cd564687: Q122
  /10fdb65d/b37d1597/3e285999/ac1d31ce: R174
  /10fdb65d/b37d1597/91a87fbd/2028d869: R179
  /10fdb65d/f3127c67/91a87fbd/869c943c: Q44
  /10fdb65d/7beba7c8/43118dbb/877220bf: Q136
  /0047197a/2fd6b956/7ef6607b: Q22
  /10fdb65d/bf69b5f9/3e285999/9313e8c7: R144
  /10fdb65d/2c278f58/7ef6607b: Q218
  /0047197a/2fd6b956/2c92f6a1: D23
  /10fdb65d/455b9544/b72b3e2b/de372515: Q152
  /10fdb65d/f3127c67/3e285999/ac1d31ce: R78
  /dee0f2bc: R390
  /10fdb65d/455b9544/91a87fbd/4e84457c: Q169
  /10fdb65d/f3127c67/bd5e17e3/b8f8edc1: R70
  /10fdb65d/70458f73/4546dbcb: R370
  /10fdb65d/b37d1597/b72b3e2b/2ac2539a: R156
  /e8db7f8c: H5
  /10fdb65d/f3127c67/5fb2648c/4546dbcb: R316
  /10fdb65d/bf69b5f9/91a87fbd/869c943c: Q86
  /ffe1889b: R386
  /10fdb65d/b37d1597/b72b3e2b/5e309dc6: R158
  /10fdb65d/a7a2bd1a/bd5e17e3/de372515: Q119
  /7d3d5bf7/9658996c/de3c3848: R27
  /10fdb65d/4d364ad9/91a87fbd/2028d869: R307
  /10fdb65d/4d364ad9/b72b3e2b/fc70942b: Q175
  /10fdb65d/4466460c/de3c3848: R365
  /10fdb65d/bf69b5f9/3e285999/3c4af7c9: Q83
  /10fdb65d/455b9544/3e285999/c6e7dabb: R271
  /8e63c257/f6aecefe/7ef6607b: Q8
  /10fdb65d/b37d1597/bd5e17e3/3c09e2c8: R170
  /10fdb65d/7323d64d/b72b3e2b/3184acd8: R88
  /10fdb65d/f3127c67/bd5e17e3/5e309dc6: R75
  /8e63c257/f6aecefe/de3c3848: R21
  /10fdb65d/a9e06841/2c92f6a1: D54
  /8e63c257/2fd6b956/de3c3848: R25
  /10fdb65d/bf69b5f9/43118dbb/3c4af7c9: Q74
  /10fdb65d/bf69b5f9/91a87fbd/2028d869: R147
  /10fdb65d/4466460c/7ef6607b: Q220
  /10fdb65d/bf69b5f9/5fb2648c/de3c3848: R329
  /10fdb65d/4d364ad9/6762572c/de3c3848: R357
  /10fdb65d/b37d1597/b72b3e2b/c06780ef: Q90
  /10fdb65d/a7a2bd1a/91a87fbd/5b199d2c: Q129
  /10fdb65d/455b9544/5fb2648c/de3c3848: R353
  /10fdb65d/b37d1597/3e285999/c6e7dabb: R175
  /10fdb65d/bf69b5f9/b72b3e2b/6a9ae1df: R122
  /10fdb65d/b37d1597/43118dbb/fc568754: Q96
  /7d3d5bf7/9658996c/4546dbcb: R26
  /10fdb65d/7323d64d/bbf36b14/4546dbcb: R318
  /10fdb65d/25c341a0/de3c3848: R375
  /3085fcf0/067fffec: D1
  /0047197a/b44e5e8c/4546dbcb: R47
  /10fdb65d/7323d64d/5fb2648c/7ef6607b: Q199
  /10fdb65d/4d364ad9/bd5e17e3/943dab95: R296
  /10fdb65d/7beba7c8/43118dbb/9313e8c7: R227
  /10fdb65d/2c278f58/4546dbcb: R360
  /10fdb65d/7323d64d/bd5e17e3/0943c08c: R100
  /10fdb65d/7beba7c8/bbf36b14/7ef6607b: Q209
  /10fdb65d/455b9544/43118dbb/406cfb11: R256
  /10fdb65d/455b9544/bbf36b14/4546dbcb: R348
  /10fdb65d/7beba7c8/91a87fbd/869c943c: Q149
  /10fdb65d/455b9544/3e285999/406cfb11: R269
  /10fdb65d/f3127c67/bd5e17e3/f80dba93: Q39
  /8e63c257/362b73e3/2c92f6a1: D7
  /10fdb65d/4d364ad9/43118dbb/fc568754: Q180
  /10fdb65d/a7a2bd1a/5fb2648c/7ef6607b: Q208
  /10fdb65d/7beba7c8/6efa798e: R214
  /8e63c257/b44e5e8c/4546dbcb: R8
  /10fdb65d/455b9544/3e285999/fc568754: Q168
  /10fdb65d/4ffb3e3b/2c92f6a1: D55
  /10fdb65d/4d364ad9/bd5e17e3/17acf17c: Q181
  /0047197a/9c3fa465/2c92f6a1: D21
  /10fdb65d/a7a2bd1a/6762572c/4546dbcb: R338
  /10fdb65d/b37d1597/bbf36b14/de3c3848: R331
  /10fdb65d/455b9544/91a87fbd/b87ad0e1: R274
  /10fdb65d/f3127c67/bbf36b14/2c92f6a1: D27
  /10fdb65d/f3127c67/6762572c/4546dbcb: R314
  /75337997: R376
  /10fdb65d/f3127c67/43118dbb/3c4af7c9: Q32
  /10fdb65d/7323d64d/b72b3e2b/c06780ef: Q48
  /10fdb65d/7323d64d/43118dbb/877220bf: Q52
  /10fdb65d/4d364ad9/b72b3e2b/17acf17c: Q172
  /7d3d5bf7/b44e5e8c/de3c3848: R31
  /10fdb65d/4d364ad9/bd5e17e3/c06780ef: Q183
  /10fdb65d/bf69b5f9/6efa798e: R118
  /10fdb65d/4d364ad9/43118dbb/3c4af7c9: Q179
  /10fdb65d/b37d1597/43118dbb/e4acbc1d: R159
  /10fdb65d/7beba7c8/bbf36b14/de3c3848: R343
  /10fdb65d/455b9544/bd5e17e3/5e309dc6: R267
  /10fdb65d/7beba7c8/b72b3e2b/c06780ef: Q132
  /0047197a/9c3fa465/4546dbcb: R45
  /10fdb65d/7323d64d/3e285999/406cfb11: R109
  /10fdb65d/455b9544/bd5e17e3/3c09e2c8: R266
  /10fdb65d/7beba7c8/bd5e17e3/cd564687: Q143
  /10fdb65d/4d364ad9/91a87fbd/5b199d2c: Q192
  /10fdb65d/25c341a0/4546dbcb: R374
  /10fdb65d/7beba7c8/bd5e17e3/3c09e2c8: R234
  /10fdb65d/a7a2bd1a/bbf36b14/7ef6607b: Q206
  /10fdb65d/a7a2bd1a/91a87fbd/8394089b: R213
  /10fdb65d/4d364ad9/3e285999/c6e7dabb: R303
  /6d9f857e/d745301c: SW2
  /10fdb65d/455b9544/5fb2648c/7ef6607b: Q214
  /10fdb65d/bf69b5f9/b72b3e2b/cd564687: Q71
  /10fdb65d/a7a2bd1a/6762572c/2c92f6a1: D40
  /10fdb65d/b37d1597/43118dbb/877220bf: Q94
  /10fdb65d/455b9544/3e285999/9313e8c7: R272
  /6d9f857e/4d91a4bd: SW3
  /b3ddd136: R383
  /10fdb65d/455b9544/43118dbb/fc568754: Q159
  /10fdb65d/b37d1597/91a87fbd/afc2826d: R177
  /10fdb65d/4466460c/4546dbcb: R364
  /10fdb65d/a7a2bd1a/b72b3e2b/fc70942b: Q112
  /10fdb65d/bf69b5f9/bd5e17e3/b8f8edc1: R134
  /10fdb65d/7323d64d/3e285999/3c4af7c9: Q62
  /10fdb65d/7323d64d/6762572c/de3c3848: R321
  /10fdb65d/bf69b5f9/b72b3e2b/de372515: Q68
  /10fdb65d/455b9544/bd5e17e3/de372515: Q161
  /a3dce1ed/d745301c: SW10
  /10fdb65d/455b9544/b72b3e2b/2ac2539a: R252
  /10fdb65d/7beba7c8/bd5e17e3/943dab95: R232
  /10fdb65d/7beba7c8/3e285999/c6e7dabb: R239
  /10fdb65d/bf69b5f9/bd5e17e3/5e309dc6: R139
  /10fdb65d/b37d1597/91a87fbd/869c943c: Q107
  /10fdb65d/4d364ad9/b72b3e2b/c06780ef: Q174
  /0047197a/23c70c2b/4546dbcb: R39
  /10fdb65d/4d364ad9/91a87fbd/b87ad0e1: R306
  /10fdb65d/a7a2bd1a/bd5e17e3/3c09e2c8: R202
  /8e63c257/9658996c/de3c3848: R13
  /9b39332a: R380
  /10fdb65d/7beba7c8/91a87fbd/8394089b: R245
  /10fdb65d/f3127c67/b72b3e2b/b8f8edc1: R57
  /10fdb65d/7beba7c8/43118dbb/e4acbc1d: R223
  /10fdb65d/bf69b5f9/43118dbb/c6e7dabb: R130
  /10fdb65d/4d364ad9/bbf36b14/4546dbcb: R354
  /10fdb65d/f3127c67/b72b3e2b/3184acd8: R56
  /10fdb65d/f3127c67/91a87fbd/afc2826d: R81
  /7d3d5bf7/362b73e3/de3c3848: R11
  /10fdb65d/4d364ad9/bd5e17e3/cd564687: Q185
  /10fdb65d/455b9544/91a87fbd/869c943c: Q170
  /10fdb65d/a7a2bd1a/3e285999/c6e7dabb: R207
  /10fdb65d/455b9544/43118dbb/c6e7dabb: R258
  /10fdb65d/898c53f9/de3c3848: R363
  /10fdb65d/f3127c67/b72b3e2b/cd564687: Q29
  /10fdb65d/b37d1597/5fb2648c/de3c3848: R335
  /10fdb65d/7beba7c8/bd5e17e3/fc70942b: Q142
  /10fdb65d/a7a2bd1a/bd5e17e3/f80dba93: Q123
  /10fdb65d/f3127c67/3e285999/e4acbc1d: R76
  /10fdb65d/7323d64d/bbf36b14/7ef6607b: Q197
  /10fdb65d/7323d64d/43118dbb/9313e8c7: R99
  /10fdb65d/455b9544/bd5e17e3/fc70942b: Q163
  /10fdb65d/898c53f9/2c92f6a1: D52
  /10fdb65d/898c53f9/7ef6607b: Q219
  /10fdb65d/bf69b5f9/3e285999/877220bf: Q82
  /10fdb65d/455b9544/6762572c/7ef6607b: Q213
  /0047197a/9658996c/2c92f6a1: D20
  /10fdb65d/bf69b5f9/6762572c/4546dbcb: R326
  /10fdb65d/4d364ad9/b72b3e2b/2ac2539a: R284
  /10fdb65d/f3127c67/bbf36b14/de3c3848: R313
  /10fdb65d/f3127c67/6efa798e: R3
  /67f55377: R378
  /10fdb65d/a7a2bd1a/3e285999/9313e8c7: R208
  /10fdb65d/7beba7c8/43118dbb/406cfb11: R224
  /10fdb65d/f3127c67/91a87fbd/b87ad0e1: R82
  /10fdb65d/455b9544/91a87fbd/5b199d2c: Q171
  /10fdb65d/b37d1597/43118dbb/c6e7dabb: R162
  /10fdb65d/7323d64d/43118dbb/ac1d31ce: R97
  /10fdb65d/2c278f58/de3c3848: R361
  /10fdb65d/b37d1597/b72b3e2b/de372515: Q89
  /10fdb65d/f3127c67/43118dbb/9313e8c7: R67
  /10fdb65d/bf69b5f9/bd5e17e3/3c09e2c8: R138
  /10fdb65d/a7a2bd1a/3e285999/877220bf: Q124
  /89419437/7ef6607b: Q193
  /10fdb65d/7323d64d/b72b3e2b/2ac2539a: R92
  /10fdb65d/7beba7c8/b72b3e2b/5e309dc6: R222
  /6d9f857e/65b0a6ee: SW8
  /10fdb65d/f3127c67/bd5e17e3/943dab95: R72
  /10fdb65d/a7a2bd1a/6762572c/7ef6607b: Q207
  /10fdb65d/455b9544/b72b3e2b/17acf17c: Q151
  /10fdb65d/7323d64d/b72b3e2b/b8f8edc1: R89
  /10fdb65d/f3127c67/91a87fbd/8dbfc47d: R84
  /10fdb65d/4d364ad9/bd5e17e3/3184acd8: R293
  /10fdb65d/7beba7c8/bd5e17e3/f80dba93: Q144
  /10fdb65d/455b9544/91a87fbd/8394089b: R277
  /10fdb65d/a7a2bd1a/bd5e17e3/b8f8edc1: R198
  /10fdb65d/7323d64d/bd5e17e3/5e309dc6: R107
  /10fdb65d/b37d1597/3e285999/e4acbc1d: R172
  /10fdb65d/bf69b5f9/bd5e17e3/0943c08c: R132
  /0047197a/362b73e3/de3c3848: R42
  /10fdb65d/4d364ad9/91a87fbd/8394089b: R309
  /10fdb65d/f3127c67/91a87fbd/4e84457c: Q43
  /10fdb65d/f3127c67/b72b3e2b/c06780ef: Q27
  /10fdb65d/455b9544/6762572c/2c92f6a1: D46
  /10fdb65d/7323d64d/bd5e17e3/2ac2539a: R105
  /10fdb65d/455b9544/bbf36b14/2c92f6a1: D45
  /10fdb65d/455b9544/b72b3e2b/c06780ef: Q153
  /10fdb65d/bf69b5f9/6762572c/de3c3848: R327
  /10fdb65d/f3127c67/b72b3e2b/fc70942b: Q28
  /3085fcf0/7d600b31: C2
  /10fdb65d/f3127c67/bd5e17e3/de372515: Q35
  /10fdb65d/455b9544/6efa798e: R246
  /10fdb65d/bf69b5f9/b72b3e2b/3184acd8: R120
  /7d3d5bf7/f6aecefe/7ef6607b: Q16
  /10fdb65d/4d364ad9/3e285999/3c4af7c9: Q188
  /10fdb65d/bf69b5f9/91a87fbd/8394089b: R149
  /7d3d5bf7/f6aecefe/4546dbcb: R36
  /7d3d5bf7/362b73e3/2c92f6a1: D4
  /10fdb65d/7beba7c8/b72b3e2b/3184acd8: R216
  /10fdb65d/7323d64d/b72b3e2b/5e309dc6: R94
  /10fdb65d/a7a2bd1a/91a87fbd/4e84457c: Q127
  /10fdb65d/4d364ad9/3e285999/877220bf: Q187
  /10fdb65d/bf69b5f9/b72b3e2b/fc70942b: Q70
  /10fdb65d/455b9544/43118dbb/9313e8c7: R259
  /10fdb65d/7beba7c8/b72b3e2b/0943c08c: R215
  /10fdb65d/b37d1597/bd5e17e3/6a9ae1df: R167
  /10fdb65d/f3127c67/b72b3e2b/5e309dc6: R62
  /10fdb65d/455b9544/43118dbb/e4acbc1d: R255
  /10fdb65d/4d364ad9/b72b3e2b/5e309dc6: R286
  /0047197a/9c3fa465/de3c3848: R46
  /10fdb65d/4d364ad9/bbf36b14/7ef6607b: Q215
  /10fdb65d/7323d64d/91a87fbd/4e84457c: Q64
  /89419437/de3c3848: R311
  /10fdb65d/7323d64d/bd5e17e3/de372515: Q56
  /a3dce1ed/65b0a6ee: SW16
  /72f64908: H3
  /10fdb65d/b37d1597/b72b3e2b/17acf17c: Q88
  /10fdb65d/b37d1597/6efa798e: R150
  /10fdb65d/a7a2bd1a/3e285999/fc568754: Q126
  /10fdb65d/bf69b5f9/6762572c/2c92f6a1: D34
  /10fdb65d/7323d64d/43118dbb/e4acbc1d: R95
  /7d3d5bf7/f6aecefe/2c92f6a1: D17
  /10fdb65d/7323d64d/5fb2648c/4546dbcb: R322
  /10fdb65d/4d364ad9/bd5e17e3/2ac2539a: R297
  /0047197a/b44e5e8c/de3c3848: R48
  /7d3d5bf7/9c3fa465/de3c3848: R29
  /6d9f857e/18b4fc78: SW4
  /10fdb65d/bf69b5f9/bbf36b14/4546dbcb: R324
  /10fdb65d/4d364ad9/bd5e17e3/de372515: Q182
  /10fdb65d/4466460c/2c92f6a1: D53
  /10fdb65d/7beba7c8/43118dbb/c6e7dabb: R226
  /10fdb65d/f3127c67/91a87fbd/8394089b: R85
  /10fdb65d/7323d64d/bd5e17e3/b8f8edc1: R102
  /10fdb65d/bf69b5f9/43118dbb/fc568754: Q75
  /10fdb65d/7beba7c8/3e285999/9313e8c7: R240
  /1ee6b238: R387
  /10fdb65d/a7a2bd1a/bbf36b14/de3c3848: R337
  /10fdb65d/bf69b5f9/b72b3e2b/17acf17c: Q67
  /10fdb65d/bf69b5f9/91a87fbd/8dbfc47d: R148
  /10fdb65d/455b9544/b72b3e2b/6a9ae1df: R250
  /7d3d5bf7/f6aecefe/de3c3848: R37
  /10fdb65d/a7a2bd1a/bd5e17e3/fc70942b: Q121
  /10fdb65d/7beba7c8/bd5e17e3/c06780ef: Q141
  /10fdb65d/4ffb3e3b/de3c3848: R369
  /10fdb65d/4d364ad9/b72b3e2b/b8f8edc1: R281
  /8e63c257/8964610f/2c92f6a1: D10
  /0047197a/b44e5e8c/2c92f6a1: D22
  /10fdb65d/a7a2bd1a/bd5e17e3/0943c08c: R196
  /10fdb65d/455b9544/bd5e17e3/f80dba93: Q165
  /10fdb65d/7323d64d/5fb2648c/de3c3848: R323
  /10fdb65d/bf69b5f9/3e285999/406cfb11: R141
  /10fdb65d/455b9544/b72b3e2b/3184acd8: R248
  /0047197a/23c70c2b/2c92f6a1: D18
  /10fdb65d/4d364ad9/bd5e17e3/5e309dc6: R299
  /10fdb65d/f3127c67/b72b3e2b/de372515: Q26
  /10fdb65d/b37d1597/b72b3e2b/fc70942b: Q91
  /8e63c257/362b73e3/4546dbcb: R16
  /10fdb65d/455b9544/43118dbb/ac1d31ce: R257
  /10fdb65d/bf69b5f9/bd5e17e3/2ac2539a: R137
  /10fdb65d/bf69b5f9/91a87fbd/b87ad0e1: R146
  /10fdb65d/7323d64d/43118dbb/c6e7dabb: R98
  /1ca4bbaf: R379
  /10fdb65d/b37d1597/bd5e17e3/f80dba93: Q102
  /10fdb65d/7beba7c8/bbf36b14/2c92f6a1: D42
  /10fdb65d/4d364ad9/5fb2648c/7ef6607b: Q217
  /10fdb65d/bb57f857/de3c3848: R373
  /10fdb65d/b37d1597/bd5e17e3/b8f8edc1: R166
  /0047197a/9658996c/4546dbcb: R43
  /10fdb65d/b37d1597/91a87fbd/8dbfc47d: R180
  /10fdb65d/4ffb3e3b/7ef6607b: Q222
  /10fdb65d/7beba7c8/6762572c/4546dbcb: R344
  /10fdb65d/7323d64d/b72b3e2b/fc70942b: Q49
  /10fdb65d/a7a2bd1a/bd5e17e3/17acf17c: Q118
  /8e63c257/362b73e3/de3c3848: R17
  /10fdb65d/7323d64d/91a87fbd/2028d869: R115
  /89419437/4546dbcb: R310
  /10fdb65d/7beba7c8/b72b3e2b/f80dba93: Q135
  /10fdb65d/b37d1597/3e285999/9313e8c7: R176
  /0047197a/8964610f/4546dbcb: R51
  /10fdb65d/bb57f857/4546dbcb: R372
  /10fdb65d/4d364ad9/6762572c/7ef6607b: Q216
  /10fdb65d/7323d64d/b72b3e2b/f80dba93: Q51
  /10fdb65d/455b9544/91a87fbd/8dbfc47d: R276
  /10fdb65d/7323d64d/6efa798e: R86
  /10fdb65d/4d364ad9/91a87fbd/4e84457c: Q190
  /10fdb65d/7beba7c8/3e285999/e4acbc1d: R236
  /10fdb65d/bf69b5f9/b72b3e2b/943dab95: R123
  /8e63c257/362b73e3/7ef6607b: Q6
  /10fdb65d/f3127c67/b72b3e2b/3c09e2c8: R61
  /10fdb65d/455b9544/bbf36b14/7ef6607b: Q212
  /a3dce1ed/c965a878: SW15
  /10fdb65d/7323d64d/6762572c/4546dbcb: R320
  /10fdb65d/bf69b5f9/b72b3e2b/b8f8edc1: R121
  /10fdb65d/455b9544/43118dbb/877220bf: Q157
  /10fdb65d/bf69b5f9/43118dbb/877220bf: Q73
  /10fdb65d/7323d64d/bd5e17e3/f80dba93: Q60
  /10fdb65d/4d364ad9/91a87fbd/afc2826d: R305
  /10fdb65d/25c341a0/2c92f6a1: D58
  /10fdb65d/f3127c67/bd5e17e3/6a9ae1df: R71
  /10fdb65d/4d364ad9/bd5e17e3/b8f8edc1: R294
  /10fdb65d/455b9544/bd5e17e3/c06780ef: Q162
  /10fdb65d/4d364ad9/b72b3e2b/f80dba93: Q177
  /7d3d5bf7/9c3fa465/2c92f6a1: D13
  /a3dce1ed/5910ee08: SW13
  /10fdb65d/7323d64d/5fb2648c/2c92f6a1: D32
  /ff791f44: R384
  /10fdb65d/bb57f857/7ef6607b: Q224
  /10fdb65d/7beba7c8/b72b3e2b/6a9ae1df: R218
  /10fdb65d/bf69b5f9/6762572c/7ef6607b: Q201
  /10fdb65d/a7a2bd1a/3e285999/3c4af7c9: Q125
  /10fdb65d/f3127c67/bd5e17e3/17acf17c: Q34
  /10fdb65d/bf69b5f9/bd5e17e3/fc70942b: Q79
  /10fdb65d/898c53f9/4546dbcb: R362
  /10fdb65d/a7a2bd1a/b72b3e2b/cd564687: Q113
  /10fdb65d/bf69b5f9/b72b3e2b/3c09e2c8: R125
  /10fdb65d/7beba7c8/bd5e17e3/0943c08c: R228
  /10fdb65d/4d364ad9/43118dbb/9313e8c7: R291
  /10fdb65d/455b9544/bbf36b14/de3c3848: R349
  /10fdb65d/f3127c67/3e285999/406cfb11: R77
  /0047197a/362b73e3/7ef6607b: Q18
  /10fdb65d/70458f73/de3c3848: R371
  /10fdb65d/a7a2bd1a/bd5e17e3/6a9ae1df: R199
  /10fdb65d/f3127c67/5fb2648c/de3c3848: R317
  /10fdb65d/bf69b5f9/b72b3e2b/2ac2539a: R124
  /10fdb65d/7323d64d/91a87fbd/5b199d2c: Q66
  /10fdb65d/b37d1597/bbf36b14/4546dbcb: R330
  /0047197a/23c70c2b/de3c3848: R40
  /a3dce1ed/4d91a4bd: SW11
  /10fdb65d/a7a2bd1a/3e285999/ac1d31ce: R206
  /8e63c257/8964610f/7ef6607b: Q9
  /10fdb65d/a7a2bd1a/b72b3e2b/0943c08c: R183
  /7d3d5bf7/9658996c/7ef6607b: Q11
  /10fdb65d/4d364ad9/b72b3e2b/de372515: Q173
  /10fdb65d/b37d1597/3e285999/406cfb11: R173
  /10fdb65d/7323d64d/43118dbb/fc568754: Q54
  /10fdb65d/f3127c67/91a87fbd/5b199d2c: Q45
  /10fdb65d/455b9544/3e285999/e4acbc1d: R268
  /a3dce1ed/e9d32c2c: SW14
  /10fdb65d/a7a2bd1a/b72b3e2b/de372515: Q110
  /10fdb65d/7323d64d/3e285999/877220bf: Q61
  /8e63c257/2fd6b956/7ef6607b: Q10
  /10fdb65d/7323d64d/b72b3e2b/de372515: Q47
  /10fdb65d/7beba7c8/3e285999/ac1d31ce: R238
  /10fdb65d/4d364ad9/43118dbb/406cfb11: R288
  /8e63c257/b44e5e8c/2c92f6a1: D3
  /26c6c898: H4
  /10fdb65d/7beba7c8/bd5e17e3/5e309dc6: R235
  /10fdb65d/f3127c67/3e285999/877220bf: Q40
  /10fdb65d/a7a2bd1a/6efa798e: R182
  /10fdb65d/b37d1597/bd5e17e3/943dab95: R168
  /10fdb65d/f3127c67/bbf36b14/4546dbcb: R312
  /10fdb65d/7beba7c8/3e285999/3c4af7c9: Q146
  /10fdb65d/7323d64d/bd5e17e3/3c09e2c8: R106
  /10fdb65d/a9e06841/7ef6607b: Q221
  /8e63c257/9658996c/4546dbcb: R12
  /10fdb65d/7323d64d/b72b3e2b/17acf17c: Q46
  /7d3d5bf7/362b73e3/7ef6607b: Q3
  /10fdb65d/b37d1597/bd5e17e3/0943c08c: R164
  /89419437/2c92f6a1: D26
  /10fdb65d/4d364ad9/3e285999/e4acbc1d: R300
  /10fdb65d/a7a2bd1a/5fb2648c/2c92f6a1: D41
  /10fdb65d/bf69b5f9/43118dbb/e4acbc1d: R127
  /10fdb65d/bf69b5f9/5fb2648c/2c92f6a1: D35
  /8e63c257/8964610f/4546dbcb: R22
  /10fdb65d/f3127c67/bd5e17e3/3184acd8: R69
  /10fdb65d/a7a2bd1a/bbf36b14/2c92f6a1: D39
  /10fdb65d/bf69b5f9/91a87fbd/5b199d2c: Q87
  /10fdb65d/a7a2bd1a/b72b3e2b/17acf17c: Q109
  /10fdb65d/f3127c67/b72b3e2b/6a9ae1df: R58
  /10fdb65d/455b9544/3e285999/3c4af7c9: Q167
  /10fdb65d/7beba7c8/bbf36b14/4546dbcb: R342
  /10fdb65d/7323d64d/bd5e17e3/cd564687: Q59
  /10fdb65d/7323d64d/91a87fbd/8dbfc47d: R116
  /fd6e5c21: H1
  /10fdb65d/7323d64d/b72b3e2b/6a9ae1df: R90
  /10fdb65d/b37d1597/5fb2648c/4546dbcb: R334
  /0047197a/f6aecefe/4546dbcb: R53
  /0047197a/b44e5e8c/7ef6607b: Q21
  /7d3d5bf7/8964610f/4546dbcb: R34
  /10fdb65d/a7a2bd1a/91a87fbd/afc2826d: R209
  /10fdb65d/a7a2bd1a/43118dbb/ac1d31ce: R193
  /10fdb65d/a7a2bd1a/bd5e17e3/c06780ef: Q120
  /10fdb65d/f3127c67/bd5e17e3/c06780ef: Q36
  /10fdb65d/a7a2bd1a/43118dbb/9313e8c7: R195
  /10fdb65d/7323d64d/3e285999/9313e8c7: R112
  /10fdb65d/4d364ad9/5fb2648c/de3c3848: R359
  /10fdb65d/a7a2bd1a/6762572c/de3c3848: R339
  /fcbe609d: R388
  /10fdb65d/455b9544/5fb2648c/2c92f6a1: D47
  /10fdb65d/4ffb3e3b/4546dbcb: R368
  /10fdb65d/f3127c67/43118dbb/e4acbc1d: R63
  /10fdb65d/4d364ad9/43118dbb/ac1d31ce: R289
  /10fdb65d/bf69b5f9/b72b3e2b/5e309dc6: R126
  /3085fcf0/2706e3a1: J1
  /10fdb65d/4d364ad9/43118dbb/c6e7dabb: R290
  /10fdb65d/7323d64d/bd5e17e3/3184acd8: R101
  /8e63c257/9658996c/7ef6607b: Q4
  /10fdb65d/455b9544/3e285999/ac1d31ce: R270
  /10fdb65d/7beba7c8/bd5e17e3/b8f8edc1: R230
  /10fdb65d/b37d1597/bd5e17e3/fc70942b: Q100
  /10fdb65d/a7a2bd1a/b72b3e2b/2ac2539a: R188
  /10fdb65d/7beba7c8/3e285999/fc568754: Q147
  /10fdb65d/bf69b5f9/b72b3e2b/0943c08c: R119
  /10fdb65d/b37d1597/3e285999/fc568754: Q105
  /10fdb65d/a7a2bd1a/bd5e17e3/5e309dc6: R203
  /0047197a/8964610f/de3c3848: R52
  /10fdb65d/7323d64d/bbf36b14/2c92f6a1: D30
  /10fdb65d/455b9544/3e285999/877220bf: Q166
  /10fdb65d/4d364ad9/bd5e17e3/fc70942b: Q184
  /10fdb65d/4d364ad9/bbf36b14/2c92f6a1: D48
  /e6acdac2: R385
  /10fdb65d/f3127c67/b72b3e2b/2ac2539a: R60
  /10fdb65d/b37d1597/bd5e17e3/3184acd8: R165
  /10fdb65d/7beba7c8/b72b3e2b/17acf17c: Q130
  /10fdb65d/455b9544/b72b3e2b/cd564687: Q155
  /44be698e: R391
  /10fdb65d/7323d64d/3e285999/e4acbc1d: R108
  /10fdb65d/4d364ad9/43118dbb/e4acbc1d: R287
  /0047197a/9c3fa465/7ef6607b: Q20
  /10fdb65d/4d364ad9/6762572c/2c92f6a1: D49
  /0047197a/23c70c2b/7ef6607b: Q17
  /10fdb65d/f3127c67/5fb2648c/2c92f6a1: D29
  /10fdb65d/7323d64d/6762572c/7ef6607b: Q198
  /10fdb65d/a7a2bd1a/43118dbb/c6e7dabb: R194
  /6d9f857e/34d10417: SW1
  /7d3d5bf7/23c70c2b/7ef6607b: Q1
  /10fdb65d/455b9544/bd5e17e3/cd564687: Q164
  /10fdb65d/7323d64d/6762572c/2c92f6a1: D31
  /7d3d5bf7/2fd6b956/7ef6607b: Q14
  /10fdb65d/f3127c67/6762572c/7ef6607b: Q195
  /10fdb65d/b37d1597/bbf36b14/7ef6607b: Q203
  /10fdb65d/b37d1597/b72b3e2b/f80dba93: Q93
  /10fdb65d/4d364ad9/bd5e17e3/f80dba93: Q186
  /40349a01: R377
  /10fdb65d/bf69b5f9/bd5e17e3/3184acd8: R133
  /7d3d5bf7/2fd6b956/2c92f6a1: D15
  /10fdb65d/b37d1597/bbf36b14/2c92f6a1: D36
  /10fdb65d/b37d1597/b72b3e2b/3c09e2c8: R157
  /10fdb65d/b37d1597/91a87fbd/8394089b: R181
  /10fdb65d/455b9544/bd5e17e3/943dab95: R264
  /10fdb65d/bf69b5f9/bd5e17e3/943dab95: R136
  /10fdb65d/7323d64d/3e285999/c6e7dabb: R111
  /8e63c257/9c3fa465/4546dbcb: R18
  /10fdb65d/b37d1597/3e285999/3c4af7c9: Q104
  /10fdb65d/7323d64d/b72b3e2b/943dab95: R91
  /10fdb65d/455b9544/6762572c/4546dbcb: R350
  /10fdb65d/4d364ad9/3e285999/ac1d31ce: R302
  /10fdb65d/bf69b5f9/91a87fbd/afc2826d: R145
  /10fdb65d/7beba7c8/5fb2648c/2c92f6a1: D44
  /8e63c257/f6aecefe/2c92f6a1: D9
  /10fdb65d/bf69b5f9/bbf36b14/7ef6607b: Q200
  /10fdb65d/78f0d888: R2
  /8e63c257/23c70c2b/4546dbcb: R14
  /8e63c257/8964610f/de3c3848: R23
  /10fdb65d/bf69b5f9/43118dbb/9313e8c7: R131
  /10fdb65d/4d364ad9/91a87fbd/8dbfc47d: R308
  /10fdb65d/4d364ad9/bd5e17e3/3c09e2c8: R298
  /7d3d5bf7/362b73e3/4546dbcb: R10
  /10fdb65d/b37d1597/b72b3e2b/6a9ae1df: R154
  /10fdb65d/bf69b5f9/bbf36b14/2c92f6a1: D33
  /10fdb65d/a7a2bd1a/91a87fbd/8dbfc47d: R212
  /a3dce1ed/34d10417: SW9
  /10fdb65d/7323d64d/bd5e17e3/fc70942b: Q58
  /10fdb65d/a7a2bd1a/b72b3e2b/f80dba93: Q114
  /10fdb65d/7beba7c8/b72b3e2b/3c09e2c8: R221
  /10fdb65d/a7a2bd1a/5fb2648c/4546dbcb: R340
  /0047197a/362b73e3/4546dbcb: R41
  /7d3d5bf7/b44e5e8c/2c92f6a1: D14
  /10fdb65d/bf69b5f9/bd5e17e3/f80dba93: Q81
  /7d3d5bf7/48d1ae45: R4
  /10fdb65d/2c278f58/2c92f6a1: D51
  /8e63c257/23c70c2b/de3c3848: R15
  /7d3d5bf7/9c3fa465/4546dbcb: R28
  /10fdb65d/a7a2bd1a/91a87fbd/2028d869: R211
  /10fdb65d/7323d64d/b72b3e2b/3c09e2c8: R93
  /10fdb65d/a7a2bd1a/43118dbb/406cfb11: R192
  /10fdb65d/b37d1597/b72b3e2b/0943c08c: R151
  /10fdb65d/f3127c67/43118dbb/877220bf: Q31
  /10fdb65d/a7a2bd1a/bbf36b14/4546dbcb: R336
  /10fdb65d/455b9544/91a87fbd/afc2826d: R273
  /0047197a/2fd6b956/de3c3848: R50
  /10fdb65d/b37d1597/5fb2648c/7ef6607b: Q205
  /10fdb65d/70458f73/2c92f6a1: D56
  /10fdb65d/a7a2bd1a/43118dbb/3c4af7c9: Q116
  /10fdb65d/b37d1597/43118dbb/9313e8c7: R163
  /0047197a/f6aecefe/de3c3848: R54
  /10fdb65d/a7a2bd1a/bd5e17e3/943dab95: R200
  /10fdb65d/b37d1597/6762572c/de3c3848: R333
  /10fdb65d/bf69b5f9/5fb2648c/7ef6607b: Q202
  /10fdb65d/7beba7c8/bd5e17e3/17acf17c: Q139
  /10fdb65d/455b9544/43118dbb/3c4af7c9: Q158
  /10fdb65d/455b9544/bd5e17e3/0943c08c: R260
  /10fdb65d/b37d1597/91a87fbd/b87ad0e1: R178
  /10fdb65d/b37d1597/bd5e17e3/cd564687: Q101
  /10fdb65d/4d364ad9/b72b3e2b/3c09e2c8: R285
  /7d3d5bf7/23c70c2b/4546dbcb: R5
  /7d3d5bf7/2fd6b956/de3c3848: R33
  /10fdb65d/f3127c67/3e285999/fc568754: Q42
  /10fdb65d/7323d64d/43118dbb/406cfb11: R96
  /10fdb65d/bf69b5f9/bd5e17e3/de372515: Q77
  /10fdb65d/f3127c67/6762572c/de3c3848: R315
  /3085fcf0/44490bf7: R1
  /10fdb65d/a7a2bd1a/5fb2648c/de3c3848: R341
  /10fdb65d/f3127c67/91a87fbd/2028d869: R83
  /8e63c257/f6aecefe/4546dbcb: R20
  /10fdb65d/7beba7c8/43118dbb/fc568754: Q138
  /10fdb65d/a7a2bd1a/3e285999/e4acbc1d: R204
  /10fdb65d/7323d64d/bd5e17e3/17acf17c: Q55
  /10fdb65d/7beba7c8/b72b3e2b/fc70942b: Q133
  /10fdb65d/bf69b5f9/bbf36b14/de3c3848: R325
  /10fdb65d/455b9544/b72b3e2b/f80dba93: Q156
  /10fdb65d/a7a2bd1a/bd5e17e3/2ac2539a: R201
  /10fdb65d/bf69b5f9/bd5e17e3/6a9ae1df: R135
  /7d3d5bf7/8964610f/7ef6607b: Q15
  /8e63c257/2fd6b956/2c92f6a1: D11
  /10fdb65d/7beba7c8/bd5e17e3/6a9ae1df: R231
  /10fdb65d/f3127c67/b72b3e2b/943dab95: R59
  /10fdb65d/4d364ad9/b72b3e2b/0943c08c: R279
  /10fdb65d/a7a2bd1a/43118dbb/e4acbc1d: R191
  /10fdb65d/bf69b5f9/bd5e17e3/17acf17c: Q76
  /10fdb65d/4d364ad9/b72b3e2b/3184acd8: R280
  /10fdb65d/bb57f857/2c92f6a1: D57
  /10fdb65d/7323d64d/91a87fbd/8394089b: R117
  /10fdb65d/a7a2bd1a/3e285999/406cfb11: R205
  /10fdb65d/b37d1597/6762572c/2c92f6a1: D37
  /7d3d5bf7/2fd6b956/4546dbcb: R32
  /10fdb65d/7beba7c8/bd5e17e3/2ac2539a: R233
  /8e63c257/b44e5e8c/7ef6607b: Q2
  /a3dce1ed/18b4fc78: SW12
  /10fdb65d/f3127c67/3e285999/3c4af7c9: Q41
  /10fdb65d/f3127c67/43118dbb/406cfb11: R64
  /10fdb65d/7beba7c8/3e285999/406cfb11: R237
  /ca648759: R389
  /8e63c257/9658996c/2c92f6a1: D5
  /7d3d5bf7/8964610f/2c92f6a1: D16
  /7d3d5bf7/b44e5e8c/4546dbcb: R30
  /10fdb65d/f3127c67/3e285999/c6e7dabb: R79
  /10fdb65d/bf69b5f9/3e285999/fc568754: Q84
  /10fdb65d/bf69b5f9/3e285999/c6e7dabb: R143
  /7d3d5bf7/9c3fa465/7ef6607b: Q12
  /6d9f857e/e9d32c2c: SW6
  /10fdb65d/4d364ad9/b72b3e2b/cd564687: Q176
  /10fdb65d/7323d64d/bbf36b14/de3c3848: R319
  /10fdb65d/7beba7c8/b72b3e2b/de372515: Q131
  /10fdb65d/a7a2bd1a/43118dbb/877220bf: Q115
  /10fdb65d/455b9544/bd5e17e3/b8f8edc1: R262
  /10fdb65d/7beba7c8/5fb2648c/7ef6607b: Q211
  /10fdb65d/b37d1597/5fb2648c/2c92f6a1: D38
  /10fdb65d/455b9544/b72b3e2b/fc70942b: Q154
  /10fdb65d/7beba7c8/bd5e17e3/3184acd8: R229
  /cc645de6: H2
  /10fdb65d/7beba7c8/91a87fbd/4e84457c: Q148
  /10fdb65d/4d364ad9/b72b3e2b/943dab95: R283
  /10fdb65d/bf69b5f9/5fb2648c/4546dbcb: R328
  /6d9f857e/5910ee08: SW5
  /10fdb65d/7beba7c8/43118dbb/3c4af7c9: Q137
  /10fdb65d/4d364ad9/3e285999/9313e8c7: R304
  /7d3d5bf7/9658996c/2c92f6a1: D12
  /10fdb65d/f3127c67/bd5e17e3/cd564687: Q38
  /10fdb65d/a7a2bd1a/91a87fbd/b87ad0e1: R210
  /10fdb65d/7beba7c8/6762572c/7ef6607b: Q210
  /10fdb65d/a7a2bd1a/b72b3e2b/943dab95: R187
  /10fdb65d/7323d64d/3e285999/ac1d31ce: R110
  /10fdb65d/b37d1597/bd5e17e3/c06780ef: Q99
  /10fdb65d/bf69b5f9/3e285999/e4acbc1d: R140
  /10fdb65d/f3127c67/3e285999/9313e8c7: R80
  /10fdb65d/b37d1597/43118dbb/406cfb11: R160
  /10fdb65d/7beba7c8/91a87fbd/afc2826d: R241
  /10fdb65d/f3127c67/bd5e17e3/2ac2539a: R73
PCB /Users/quillansmith/Documents/KiCad/C00000001/../8BitLedIndicator/8BitLedIndicator.kicad_pcb
  /9c3fa465/4546dbcb: R9
  /f6aecefe/2c92f6a1: D6
  /9658996c/7ef6607b: Q2
  /f6aecefe/de3c3848: R12
  /362b73e3/4546dbcb: R7
  /b44e5e8c/7ef6607b: Q1
  /f6aecefe/4546dbcb: R11
  /9658996c/4546dbcb: R3
  /8964610f/de3c3848: R14
  /b44e5e8c/4546dbcb: R1
  /2fd6b956/4546dbcb: R15
  /9c3fa465/de3c3848: R10
  /48d1ae45: R17
  /23c70c2b/4546dbcb: R5
  /9658996c/de3c3848: R4
  /8964610f/7ef6607b: Q7
  /9658996c/2c92f6a1: D2
  /9c3fa465/7ef6607b: Q5
  /362b73e3/7ef6607b: Q4
  /9c3fa465/2c92f6a1: D5
  /8964610f/2c92f6a1: D7
  /8964610f/4546dbcb: R13
  /f6aecefe/7ef6607b: Q6
  /23c70c2b/de3c3848: R6
  /23c70c2b/7ef6607b: Q3
  /2fd6b956/de3c3848: R16
  /b44e5e8c/de3c3848: R2
  /b44e5e8c/2c92f6a1: D1
  /2fd6b956/2c92f6a1: D8
  /362b73e3/de3c3848: R8
  /362b73e3/2c92f6a1: D4
  /23c70c2b/2c92f6a1: D3
  /2fd6b956/7ef6607b: Q8
PCB /Users/quillansmith/Documents/KiCad/C00000001/../OrGate/OrGate.kicad_pcb
  /8394089b: R3
  /869c943c: Q2
  /afc2826d: R4
  /b87ad0e1: R5
  /2028d869: R1
  /5b199d2c: Q3
  /4e84457c: Q1
  /8dbfc47d: R2
PCB /Users/quillansmith/Documents/KiCad/C00000001/../Adder/Adder.kicad_pcb
  /bd5e17e3/cd564687: Q14
  /6762572c/4546dbcb: R36
  /91a87fbd/4e84457c: Q19
  /bd5e17e3/2ac2539a: R19
  /3e285999/fc568754: Q18
  /bd5e17e3/b8f8edc1: R16
  /bd5e17e3/0943c08c: R14
  /5fb2648c/de3c3848: R35
  /3e285999/9313e8c7: R26
  /5fb2648c/2c92f6a1: D2
  /6762572c/de3c3848: R37
  /bd5e17e3/fc70942b: Q13
  /91a87fbd/2028d869: R29
  /91a87fbd/5b199d2c: Q21
  /6762572c/7ef6607b: Q24
  /43118dbb/fc568754: Q9
  /b72b3e2b/2ac2539a: R6
  /91a87fbd/8394089b: R31
  /91a87fbd/869c943c: Q20
  /b72b3e2b/b8f8edc1: R3
  /bbf36b14/2c92f6a1: D1
  /3e285999/406cfb11: R23
  /b72b3e2b/c06780ef: Q3
  /b72b3e2b/5e309dc6: R8
  /b72b3e2b/3184acd8: R2
  /3e285999/e4acbc1d: R22
  /91a87fbd/b87ad0e1: R28
  /b72b3e2b/cd564687: Q5
  /3e285999/877220bf: Q16
  /5fb2648c/4546dbcb: R34
  /43118dbb/406cfb11: R10
  /bd5e17e3/de372515: Q11
  /5fb2648c/7ef6607b: Q23
  /3e285999/ac1d31ce: R24
  /bd5e17e3/6a9ae1df: R17
  /bd5e17e3/3184acd8: R15
  /b72b3e2b/de372515: Q2
  /43118dbb/9313e8c7: R13
  /bbf36b14/de3c3848: R33
  /bbf36b14/4546dbcb: R32
  /bd5e17e3/3c09e2c8: R20
  /bd5e17e3/5e309dc6: R21
  /43118dbb/e4acbc1d: R9
  /b72b3e2b/fc70942b: Q4
  /bbf36b14/7ef6607b: Q22
  /b72b3e2b/f80dba93: Q6
  /6efa798e: R38
  /b72b3e2b/943dab95: R5
  /43118dbb/3c4af7c9: Q8
  /91a87fbd/8dbfc47d: R30
  /43118dbb/c6e7dabb: R12
  /91a87fbd/afc2826d: R27
  /bd5e17e3/17acf17c: Q10
  /b72b3e2b/0943c08c: R1
  /bd5e17e3/c06780ef: Q12
  /43118dbb/ac1d31ce: R11
  /b72b3e2b/3c09e2c8: R7
  /43118dbb/877220bf: Q7
  /6762572c/2c92f6a1: D3
  /3e285999/3c4af7c9: Q17
  /bd5e17e3/943dab95: R18
  /3e285999/c6e7dabb: R25
  /b72b3e2b/17acf17c: Q1
  /b72b3e2b/6a9ae1df: R4
  /bd5e17e3/f80dba93: Q15
PCB /Users/quillansmith/Documents/KiCad/C00000001/../8BitSwitch/8BitSwitch.kicad_pcb
  /d745301c: SW2
  /c965a878: SW7
  /34d10417: SW1
  /18b4fc78: SW4
  /65b0a6ee: SW8
  /e9d32c2c: SW6
  /4d91a4bd: SW3
  /5910ee08: SW5
PCB /Users/quillansmith/Documents/KiCad/C00000001/../PowerInput/PowerInput.kicad_pcb
  /7d600b31: C2
  /067fffec: D1
  /2706e3a1: J1
  /45dbf98e: C1
  /44490bf7: R1
PCB /Users/quillansmith/Documents/KiCad/C00000001/../8BitAdder/8BitAdder.kicad_pcb
  /b37d1597/bd5e17e3/0943c08c: R108
  /7beba7c8/b72b3e2b/de372515: Q108
  /7beba7c8/3e285999/ac1d31ce: R187
  /b37d1597/bd5e17e3/5e309dc6: R115
  /a9e06841/de3c3848: R264
  /b37d1597/6762572c/4546dbcb: R294
  /7beba7c8/b72b3e2b/3c09e2c8: R170
  /a7a2bd1a/bd5e17e3/3184acd8: R141
  /7beba7c8/b72b3e2b/c06780ef: Q109
  /455b9544/91a87fbd/5b199d2c: Q148
  /f3127c67/43118dbb/e4acbc1d: R45
  /455b9544/bd5e17e3/c06780ef: Q136
  /4d364ad9/b72b3e2b/fc70942b: Q152
  /f3127c67/bd5e17e3/943dab95: R54
  /bb57f857/2c92f6a1: D1
  /70458f73/2c92f6a1: D2
  /7beba7c8/bbf36b14/de3c3848: R305
  /a7a2bd1a/6762572c/de3c3848: R301
  /455b9544/43118dbb/3c4af7c9: Q141
  /7323d64d/bd5e17e3/b8f8edc1: R23
  /f3127c67/bd5e17e3/fc70942b: Q35
  /a9e06841/2c92f6a1: D4
  /7beba7c8/3e285999/9313e8c7: R189
  /bf69b5f9/b72b3e2b/fc70942b: Q47
  /4d364ad9/bd5e17e3/943dab95: R240
  /bb57f857/7ef6607b: Q1
  /7beba7c8/b72b3e2b/3184acd8: R165
  /7323d64d/6efa798e: R12
  /455b9544/91a87fbd/b87ad0e1: R223
  /bf69b5f9/3e285999/406cfb11: R90
  /455b9544/6efa798e: R195
  /4d364ad9/6762572c/7ef6607b: Q199
  /b37d1597/bd5e17e3/cd564687: Q75
  /a7a2bd1a/bd5e17e3/c06780ef: Q94
  /f3127c67/b72b3e2b/17acf17c: Q2
  /a7a2bd1a/b72b3e2b/cd564687: Q90
  /7323d64d/b72b3e2b/3c09e2c8: R19
  /b37d1597/6efa798e: R99
  /4ffb3e3b/4546dbcb: R261
  /7323d64d/bbf36b14/de3c3848: R281
  /bf69b5f9/6efa798e: R44
  /7beba7c8/bd5e17e3/0943c08c: R172
  /f3127c67/5fb2648c/4546dbcb: R278
  /f3127c67/3e285999/406cfb11: R59
  /f3127c67/bbf36b14/de3c3848: R275
  /7beba7c8/91a87fbd/4e84457c: Q125
  /7323d64d/b72b3e2b/3184acd8: R14
  /4d364ad9/b72b3e2b/943dab95: R232
  /455b9544/b72b3e2b/2ac2539a: R201
  /b37d1597/3e285999/c6e7dabb: R124
  /a7a2bd1a/5fb2648c/4546dbcb: R302
  /455b9544/b72b3e2b/5e309dc6: R203
  /b37d1597/43118dbb/fc568754: Q79
  /7323d64d/b72b3e2b/f80dba93: Q13
  /7323d64d/3e285999/406cfb11: R35
  /b37d1597/bd5e17e3/de372515: Q72
  /b37d1597/91a87fbd/b87ad0e1: R127
  /7beba7c8/3e285999/877220bf: Q122
  /4d364ad9/b72b3e2b/5e309dc6: R235
  /455b9544/bd5e17e3/fc70942b: Q137
  /7323d64d/5fb2648c/4546dbcb: R284
  /7323d64d/bd5e17e3/de372515: Q15
  /7323d64d/3e285999/c6e7dabb: R37
  /a7a2bd1a/bbf36b14/de3c3848: R299
  /455b9544/bd5e17e3/17acf17c: Q134
  /f3127c67/b72b3e2b/fc70942b: Q5
  /bb57f857/de3c3848: R2
  /b37d1597/91a87fbd/8394089b: R130
  /bf69b5f9/3e285999/3c4af7c9: Q60
  /4d364ad9/3e285999/c6e7dabb: R252
  /4d364ad9/b72b3e2b/17acf17c: Q149
  /f3127c67/bd5e17e3/de372515: Q33
  /25c341a0/4546dbcb: R271
  /f3127c67/b72b3e2b/f80dba93: Q7
  /f3127c67/b72b3e2b/cd564687: Q6
  /7beba7c8/bd5e17e3/cd564687: Q117
  /a7a2bd1a/91a87fbd/2028d869: R160
  /7beba7c8/3e285999/e4acbc1d: R185
  /f3127c67/3e285999/3c4af7c9: Q39
  /f3127c67/43118dbb/c6e7dabb: R48
  /b37d1597/b72b3e2b/943dab95: R104
  /a7a2bd1a/b72b3e2b/fc70942b: Q89
  /4d364ad9/bd5e17e3/6a9ae1df: R239
  /f3127c67/43118dbb/877220bf: Q29
  /7beba7c8/bbf36b14/7ef6607b: Q192
  /7323d64d/6762572c/de3c3848: R283
  /455b9544/bd5e17e3/0943c08c: R204
  /f3127c67/91a87fbd/afc2826d: R63
  /f3127c67/bd5e17e3/3184acd8: R51
  /7beba7c8/bd5e17e3/5e309dc6: R179
  /b37d1597/43118dbb/3c4af7c9: Q78
  /bf69b5f9/b72b3e2b/5e309dc6: R75
  /b37d1597/bbf36b14/4546dbcb: R292
  /4d364ad9/91a87fbd/2028d869: R256
  /70458f73/de3c3848: R260
  /7323d64d/3e285999/3c4af7c9: Q24
  /4d364ad9/43118dbb/3c4af7c9: Q162
  /a7a2bd1a/3e285999/406cfb11: R154
  /f3127c67/bd5e17e3/cd564687: Q36
  /a7a2bd1a/b72b3e2b/17acf17c: Q86
  /f3127c67/bd5e17e3/5e309dc6: R57
  /7beba7c8/6762572c/de3c3848: R307
  /455b9544/91a87fbd/4e84457c: Q146
  /bf69b5f9/5fb2648c/2c92f6a1: D17
  /455b9544/bd5e17e3/2ac2539a: R209
  /455b9544/43118dbb/ac1d31ce: R214
  /a7a2bd1a/3e285999/3c4af7c9: Q102
  /bf69b5f9/43118dbb/406cfb11: R85
  /b37d1597/b72b3e2b/2ac2539a: R105
  /7beba7c8/91a87fbd/b87ad0e1: R191
  /455b9544/bd5e17e3/6a9ae1df: R207
  /a7a2bd1a/91a87fbd/5b199d2c: Q106
  /7323d64d/43118dbb/406cfb11: R30
  /f3127c67/6762572c/de3c3848: R277
  /f3127c67/91a87fbd/4e84457c: Q41
  /455b9544/b72b3e2b/3184acd8: R197
  /f3127c67/bd5e17e3/17acf17c: Q32
  /b37d1597/bd5e17e3/fc70942b: Q74
  /455b9544/6762572c/4546dbcb: R312
  /a7a2bd1a/3e285999/877220bf: Q101
  /a7a2bd1a/91a87fbd/b87ad0e1: R159
  /7beba7c8/bbf36b14/4546dbcb: R304
  /bf69b5f9/91a87fbd/8dbfc47d: R97
  /bf69b5f9/43118dbb/ac1d31ce: R86
  /b37d1597/43118dbb/406cfb11: R117
  /7beba7c8/b72b3e2b/5e309dc6: R171
  /455b9544/b72b3e2b/17acf17c: Q128
  /7323d64d/b72b3e2b/de372515: Q9
  /b37d1597/5fb2648c/4546dbcb: R296
  /a7a2bd1a/43118dbb/c6e7dabb: R151
  /7beba7c8/b72b3e2b/cd564687: Q111
  /7323d64d/bd5e17e3/3c09e2c8: R27
  /4466460c/2c92f6a1: D5
  /455b9544/bbf36b14/de3c3848: R311
  /455b9544/5fb2648c/2c92f6a1: D29
  /7beba7c8/3e285999/406cfb11: R186
  /bf69b5f9/bd5e17e3/b8f8edc1: R78
  /a7a2bd1a/91a87fbd/4e84457c: Q104
  /a7a2bd1a/5fb2648c/7ef6607b: Q191
  /a7a2bd1a/91a87fbd/8dbfc47d: R161
  /bf69b5f9/3e285999/e4acbc1d: R89
  /4d364ad9/bd5e17e3/3c09e2c8: R242
  /7323d64d/b72b3e2b/cd564687: Q12
  /7323d64d/91a87fbd/afc2826d: R39
  /f3127c67/91a87fbd/8394089b: R67
  /bf69b5f9/bbf36b14/4546dbcb: R286
  /a7a2bd1a/bbf36b14/7ef6607b: Q189
  /4d364ad9/bbf36b14/2c92f6a1: D30
  /4d364ad9/6762572c/de3c3848: R319
  /7323d64d/bd5e17e3/f80dba93: Q19
  /b37d1597/bbf36b14/7ef6607b: Q186
  /b37d1597/91a87fbd/4e84457c: Q83
  /4466460c/7ef6607b: Q173
  /b37d1597/43118dbb/e4acbc1d: R116
  /bf69b5f9/bd5e17e3/3c09e2c8: R82
  /a7a2bd1a/bd5e17e3/0943c08c: R140
  /7beba7c8/91a87fbd/869c943c: Q126
  /7beba7c8/bd5e17e3/fc70942b: Q116
  /7323d64d/3e285999/877220bf: Q23
  /4d364ad9/bd5e17e3/2ac2539a: R241
  /b37d1597/b72b3e2b/f80dba93: Q70
  /7beba7c8/5fb2648c/2c92f6a1: D26
  /4d364ad9/bd5e17e3/0943c08c: R236
  /f3127c67/3e285999/9313e8c7: R62
  /455b9544/91a87fbd/afc2826d: R222
  /7beba7c8/91a87fbd/8dbfc47d: R193
  /4ffb3e3b/7ef6607b: Q171
  /7323d64d/6762572c/7ef6607b: Q181
  /f3127c67/b72b3e2b/2ac2539a: R9
  /b37d1597/43118dbb/ac1d31ce: R118
  /455b9544/bd5e17e3/cd564687: Q138
  /455b9544/b72b3e2b/fc70942b: Q131
  /898c53f9/4546dbcb: R267
  /bf69b5f9/b72b3e2b/f80dba93: Q49
  /7323d64d/3e285999/e4acbc1d: R34
  /bf69b5f9/43118dbb/877220bf: Q56
  /455b9544/bd5e17e3/f80dba93: Q139
  /7323d64d/43118dbb/ac1d31ce: R31
  /4d364ad9/b72b3e2b/b8f8edc1: R230
  /455b9544/6762572c/de3c3848: R313
  /a7a2bd1a/b72b3e2b/c06780ef: Q88
  /f3127c67/bd5e17e3/6a9ae1df: R53
  /a7a2bd1a/5fb2648c/2c92f6a1: D23
  /f3127c67/6762572c/2c92f6a1: D10
  /7323d64d/bbf36b14/2c92f6a1: D12
  /455b9544/91a87fbd/869c943c: Q147
  /f3127c67/bd5e17e3/f80dba93: Q37
  /bf69b5f9/3e285999/fc568754: Q61
  /b37d1597/bd5e17e3/17acf17c: Q71
  /455b9544/bbf36b14/4546dbcb: R310
  /b37d1597/91a87fbd/2028d869: R128
  /a7a2bd1a/43118dbb/ac1d31ce: R150
  /a7a2bd1a/bbf36b14/4546dbcb: R298
  /bf69b5f9/43118dbb/3c4af7c9: Q57
  /bf69b5f9/bbf36b14/de3c3848: R287
  /bb57f857/4546dbcb: R1
  /7beba7c8/bd5e17e3/943dab95: R176
  /b37d1597/b72b3e2b/5e309dc6: R107
  /455b9544/b72b3e2b/b8f8edc1: R198
  /4d364ad9/b72b3e2b/0943c08c: R228
  /7beba7c8/b72b3e2b/b8f8edc1: R166
  /7beba7c8/bd5e17e3/f80dba93: Q118
  /70458f73/7ef6607b: Q170
  /455b9544/bbf36b14/2c92f6a1: D27
  /7323d64d/b72b3e2b/fc70942b: Q11
  /7323d64d/43118dbb/9313e8c7: R33
  /b37d1597/5fb2648c/de3c3848: R297
  /4d364ad9/91a87fbd/8394089b: R258
  /7323d64d/3e285999/9313e8c7: R38
  /4d364ad9/91a87fbd/869c943c: Q168
  /b37d1597/3e285999/e4acbc1d: R121
  /7323d64d/b72b3e2b/5e309dc6: R20
  /a7a2bd1a/b72b3e2b/5e309dc6: R139
  /455b9544/43118dbb/877220bf: Q140
  /a7a2bd1a/43118dbb/877220bf: Q98
  /4d364ad9/6efa798e: R227
  /b37d1597/91a87fbd/5b199d2c: Q85
  /b37d1597/6762572c/2c92f6a1: D19
  /7beba7c8/91a87fbd/5b199d2c: Q127
  /7323d64d/43118dbb/3c4af7c9: Q21
  /f3127c67/3e285999/c6e7dabb: R61
  /455b9544/43118dbb/c6e7dabb: R215
  /a7a2bd1a/43118dbb/fc568754: Q100
  /7beba7c8/91a87fbd/2028d869: R192
  /bf69b5f9/b72b3e2b/b8f8edc1: R70
  /b37d1597/bbf36b14/de3c3848: R293
  /bf69b5f9/b72b3e2b/6a9ae1df: R71
  /b37d1597/b72b3e2b/fc70942b: Q68
  /f3127c67/b72b3e2b/0943c08c: R4
  /b37d1597/bd5e17e3/f80dba93: Q76
  /b37d1597/bd5e17e3/b8f8edc1: R110
  /bf69b5f9/91a87fbd/2028d869: R96
  /bf69b5f9/91a87fbd/869c943c: Q63
  /7beba7c8/43118dbb/877220bf: Q119
  /b37d1597/bbf36b14/2c92f6a1: D18
  /7323d64d/b72b3e2b/943dab95: R17
  /7323d64d/91a87fbd/5b199d2c: Q28
  /bf69b5f9/91a87fbd/4e84457c: Q62
  /4d364ad9/5fb2648c/4546dbcb: R320
  /b37d1597/b72b3e2b/cd564687: Q69
  /bf69b5f9/bd5e17e3/2ac2539a: R81
  /4d364ad9/3e285999/9313e8c7: R253
  /a7a2bd1a/b72b3e2b/6a9ae1df: R135
  /4d364ad9/3e285999/3c4af7c9: Q165
  /7beba7c8/b72b3e2b/943dab95: R168
  /7323d64d/3e285999/fc568754: Q25
  /7beba7c8/43118dbb/9313e8c7: R184
  /4d364ad9/b72b3e2b/de372515: Q150
  /bf69b5f9/b72b3e2b/0943c08c: R68
  /f3127c67/bd5e17e3/b8f8edc1: R52
  /4d364ad9/b72b3e2b/6a9ae1df: R231
  /4d364ad9/b72b3e2b/2ac2539a: R233
  /4d364ad9/91a87fbd/5b199d2c: Q169
  /2c278f58/7ef6607b: Q175
  /7beba7c8/bd5e17e3/3c09e2c8: R178
  /f3127c67/43118dbb/fc568754: Q31
  /2c278f58/2c92f6a1: D7
  /b37d1597/43118dbb/c6e7dabb: R119
  /b37d1597/b72b3e2b/c06780ef: Q67
  /a7a2bd1a/bd5e17e3/f80dba93: Q97
  /4d364ad9/43118dbb/877220bf: Q161
  /a9e06841/4546dbcb: R263
  /455b9544/bd5e17e3/3c09e2c8: R210
  /4d364ad9/91a87fbd/4e84457c: Q167
  /7323d64d/5fb2648c/de3c3848: R285
  /b37d1597/43118dbb/9313e8c7: R120
  /bf69b5f9/bd5e17e3/cd564687: Q54
  /bf69b5f9/bd5e17e3/6a9ae1df: R79
  /4d364ad9/b72b3e2b/3184acd8: R229
  /4d364ad9/3e285999/ac1d31ce: R251
  /b37d1597/6762572c/de3c3848: R295
  /7323d64d/bbf36b14/4546dbcb: R280
  /4d364ad9/b72b3e2b/f80dba93: Q154
  /455b9544/91a87fbd/8dbfc47d: R225
  /f3127c67/6efa798e: R3
  /455b9544/bd5e17e3/de372515: Q135
  /bf69b5f9/5fb2648c/7ef6607b: Q185
  /f3127c67/3e285999/ac1d31ce: R60
  /f3127c67/bd5e17e3/0943c08c: R50
  /4d364ad9/bd5e17e3/5e309dc6: R243
  /b37d1597/bd5e17e3/c06780ef: Q73
  /7323d64d/bd5e17e3/943dab95: R25
  /7323d64d/b72b3e2b/0943c08c: R13
  /bf69b5f9/91a87fbd/b87ad0e1: R95
  /455b9544/b72b3e2b/c06780ef: Q130
  /7323d64d/91a87fbd/2028d869: R41
  /f3127c67/bd5e17e3/2ac2539a: R55
  /4d364ad9/5fb2648c/de3c3848: R321
  /7beba7c8/5fb2648c/7ef6607b: Q194
  /bf69b5f9/43118dbb/9313e8c7: R88
  /455b9544/43118dbb/9313e8c7: R216
  /a7a2bd1a/bd5e17e3/17acf17c: Q92
  /bf69b5f9/6762572c/2c92f6a1: D16
  /bf69b5f9/91a87fbd/5b199d2c: Q64
  /bf69b5f9/bd5e17e3/fc70942b: Q53
  /f3127c67/6762572c/7ef6607b: Q178
  /4d364ad9/91a87fbd/b87ad0e1: R255
  /455b9544/b72b3e2b/0943c08c: R196
  /a7a2bd1a/b72b3e2b/3c09e2c8: R138
  /b37d1597/bd5e17e3/3184acd8: R109
  /b37d1597/3e285999/3c4af7c9: Q81
  /a7a2bd1a/b72b3e2b/943dab95: R136
  /7323d64d/b72b3e2b/2ac2539a: R18
  /4d364ad9/b72b3e2b/3c09e2c8: R234
  /b37d1597/6762572c/7ef6607b: Q187
  /b37d1597/b72b3e2b/17acf17c: Q65
  /f3127c67/5fb2648c/2c92f6a1: D11
  /7beba7c8/b72b3e2b/2ac2539a: R169
  /455b9544/3e285999/e4acbc1d: R217
  /455b9544/b72b3e2b/f80dba93: Q133
  /7323d64d/bd5e17e3/6a9ae1df: R24
  /4d364ad9/3e285999/877220bf: Q164
  /7323d64d/bd5e17e3/fc70942b: Q17
  /f3127c67/3e285999/e4acbc1d: R58
  /7beba7c8/5fb2648c/de3c3848: R309
  /f3127c67/91a87fbd/b87ad0e1: R64
  /4d364ad9/43118dbb/fc568754: Q163
  /a7a2bd1a/91a87fbd/afc2826d: R158
  /b37d1597/5fb2648c/2c92f6a1: D20
  /f3127c67/bd5e17e3/3c09e2c8: R56
  /b37d1597/b72b3e2b/3184acd8: R101
  /a7a2bd1a/43118dbb/e4acbc1d: R148
  /4d364ad9/91a87fbd/8dbfc47d: R257
  /a7a2bd1a/b72b3e2b/de372515: Q87
  /7323d64d/91a87fbd/4e84457c: Q26
  /bf69b5f9/b72b3e2b/17acf17c: Q44
  /455b9544/3e285999/c6e7dabb: R220
  /7323d64d/bd5e17e3/c06780ef: Q16
  /a7a2bd1a/bd5e17e3/cd564687: Q96
  /f3127c67/5fb2648c/7ef6607b: Q179
  /7beba7c8/bd5e17e3/6a9ae1df: R175
  /455b9544/bd5e17e3/5e309dc6: R211
  /455b9544/b72b3e2b/943dab95: R200
  /7323d64d/b72b3e2b/17acf17c: Q8
  /4d364ad9/6762572c/4546dbcb: R318
  /bf69b5f9/bbf36b14/2c92f6a1: D15
  /a7a2bd1a/3e285999/ac1d31ce: R155
  /a7a2bd1a/6762572c/7ef6607b: Q190
  /455b9544/bd5e17e3/b8f8edc1: R206
  /25c341a0/2c92f6a1: D8
  /78f0d888: R273
  /7beba7c8/91a87fbd/afc2826d: R190
  /a7a2bd1a/6762572c/2c92f6a1: D22
  /bf69b5f9/b72b3e2b/2ac2539a: R73
  /a7a2bd1a/6762572c/4546dbcb: R300
  /7323d64d/bd5e17e3/5e309dc6: R28
  /bf69b5f9/b72b3e2b/de372515: Q45
  /bf69b5f9/43118dbb/fc568754: Q58
  /b37d1597/bd5e17e3/3c09e2c8: R114
  /bf69b5f9/b72b3e2b/943dab95: R72
  /4d364ad9/bd5e17e3/c06780ef: Q157
  /4d364ad9/bbf36b14/4546dbcb: R316
  /bf69b5f9/b72b3e2b/c06780ef: Q46
  /455b9544/91a87fbd/8394089b: R226
  /7323d64d/6762572c/2c92f6a1: D13
  /7beba7c8/b72b3e2b/fc70942b: Q110
  /4ffb3e3b/de3c3848: R262
  /f3127c67/43118dbb/406cfb11: R46
  /455b9544/91a87fbd/2028d869: R224
  /a7a2bd1a/b72b3e2b/b8f8edc1: R134
  /bf69b5f9/bd5e17e3/de372515: Q51
  /7beba7c8/bd5e17e3/3184acd8: R173
  /b37d1597/3e285999/406cfb11: R122
  /4d364ad9/bd5e17e3/cd564687: Q159
  /455b9544/6762572c/7ef6607b: Q196
  /f3127c67/b72b3e2b/6a9ae1df: R7
  /455b9544/6762572c/2c92f6a1: D28
  /455b9544/5fb2648c/7ef6607b: Q197
  /7323d64d/91a87fbd/b87ad0e1: R40
  /7beba7c8/3e285999/fc568754: Q124
  /7beba7c8/bd5e17e3/17acf17c: Q113
  /7beba7c8/3e285999/3c4af7c9: Q123
  /bf69b5f9/5fb2648c/de3c3848: R291
  /4d364ad9/5fb2648c/2c92f6a1: D32
  /455b9544/43118dbb/406cfb11: R213
  /a7a2bd1a/b72b3e2b/3184acd8: R133
  /bf69b5f9/3e285999/877220bf: Q59
  /a7a2bd1a/91a87fbd/8394089b: R162
  /4466460c/de3c3848: R266
  /7beba7c8/bd5e17e3/c06780ef: Q115
  /f3127c67/bd5e17e3/c06780ef: Q34
  /455b9544/b72b3e2b/de372515: Q129
  /bf69b5f9/6762572c/7ef6607b: Q184
  /b37d1597/5fb2648c/7ef6607b: Q188
  /7beba7c8/6762572c/4546dbcb: R306
  /898c53f9/2c92f6a1: D6
  /7323d64d/43118dbb/e4acbc1d: R29
  /455b9544/bd5e17e3/3184acd8: R205
  /7beba7c8/b72b3e2b/f80dba93: Q112
  /f3127c67/5fb2648c/de3c3848: R279
  /7beba7c8/5fb2648c/4546dbcb: R308
  /4d364ad9/43118dbb/e4acbc1d: R244
  /7beba7c8/3e285999/c6e7dabb: R188
  /a7a2bd1a/43118dbb/9313e8c7: R152
  /a7a2bd1a/b72b3e2b/f80dba93: Q91
  /a7a2bd1a/bd5e17e3/3c09e2c8: R146
  /a7a2bd1a/b72b3e2b/0943c08c: R132
  /f3127c67/bbf36b14/2c92f6a1: D9
  /25c341a0/de3c3848: R272
  /4d364ad9/bd5e17e3/fc70942b: Q158
  /a7a2bd1a/b72b3e2b/2ac2539a: R137
  /b37d1597/3e285999/9313e8c7: R125
  /4d364ad9/5fb2648c/7ef6607b: Q200
  /f3127c67/91a87fbd/8dbfc47d: R66
  /f3127c67/91a87fbd/869c943c: Q42
  /7beba7c8/bbf36b14/2c92f6a1: D24
  /4d364ad9/bd5e17e3/de372515: Q156
  /b37d1597/b72b3e2b/b8f8edc1: R102
  /a7a2bd1a/bd5e17e3/6a9ae1df: R143
  /f3127c67/bbf36b14/4546dbcb: R274
  /b37d1597/bd5e17e3/2ac2539a: R113
  /f3127c67/b72b3e2b/5e309dc6: R11
  /455b9544/b72b3e2b/6a9ae1df: R199
  /7beba7c8/bd5e17e3/2ac2539a: R177
  /f3127c67/b72b3e2b/943dab95: R8
  /7beba7c8/b72b3e2b/0943c08c: R164
  /4d364ad9/43118dbb/406cfb11: R245
  /f3127c67/3e285999/fc568754: Q40
  /455b9544/3e285999/406cfb11: R218
  /4466460c/4546dbcb: R265
  /7323d64d/b72b3e2b/c06780ef: Q10
  /4d364ad9/3e285999/fc568754: Q166
  /7323d64d/91a87fbd/869c943c: Q27
  /a7a2bd1a/bd5e17e3/2ac2539a: R145
  /b37d1597/91a87fbd/afc2826d: R126
  /a7a2bd1a/3e285999/fc568754: Q103
  /455b9544/5fb2648c/4546dbcb: R314
  /bf69b5f9/91a87fbd/8394089b: R98
  /7beba7c8/b72b3e2b/6a9ae1df: R167
  /7323d64d/91a87fbd/8394089b: R43
  /a7a2bd1a/43118dbb/406cfb11: R149
  /b37d1597/43118dbb/877220bf: Q77
  /4d364ad9/43118dbb/9313e8c7: R248
  /455b9544/3e285999/877220bf: Q143
  /bf69b5f9/3e285999/9313e8c7: R93
  /a7a2bd1a/bd5e17e3/b8f8edc1: R142
  /a7a2bd1a/3e285999/c6e7dabb: R156
  /7323d64d/6762572c/4546dbcb: R282
  /a7a2bd1a/bbf36b14/2c92f6a1: D21
  /a7a2bd1a/5fb2648c/de3c3848: R303
  /7323d64d/bd5e17e3/0943c08c: R21
  /7beba7c8/43118dbb/ac1d31ce: R182
  /bf69b5f9/bd5e17e3/f80dba93: Q55
  /bf69b5f9/43118dbb/e4acbc1d: R84
  /455b9544/3e285999/3c4af7c9: Q144
  /b37d1597/3e285999/ac1d31ce: R123
  /f3127c67/43118dbb/9313e8c7: R49
  /bf69b5f9/b72b3e2b/3184acd8: R69
  /a7a2bd1a/bd5e17e3/5e309dc6: R147
  /7beba7c8/b72b3e2b/17acf17c: Q107
  /4d364ad9/bbf36b14/7ef6607b: Q198
  /455b9544/b72b3e2b/3c09e2c8: R202
  /7beba7c8/bd5e17e3/de372515: Q114
  /7beba7c8/6762572c/2c92f6a1: D25
  /4d364ad9/3e285999/e4acbc1d: R249
  /7beba7c8/6762572c/7ef6607b: Q193
  /7beba7c8/43118dbb/fc568754: Q121
  /bf69b5f9/6762572c/de3c3848: R289
  /bf69b5f9/bd5e17e3/0943c08c: R76
  /a7a2bd1a/3e285999/e4acbc1d: R153
  /f3127c67/3e285999/877220bf: Q38
  /f3127c67/91a87fbd/2028d869: R65
  /2c278f58/de3c3848: R270
  /b37d1597/91a87fbd/8dbfc47d: R129
  /7beba7c8/43118dbb/3c4af7c9: Q120
  /bf69b5f9/b72b3e2b/cd564687: Q48
  /f3127c67/b72b3e2b/3184acd8: R5
  /bf69b5f9/bd5e17e3/3184acd8: R77
  /b37d1597/3e285999/fc568754: Q82
  /2c278f58/4546dbcb: R269
  /b37d1597/b72b3e2b/de372515: Q66
  /f3127c67/bbf36b14/7ef6607b: Q177
  /7beba7c8/43118dbb/406cfb11: R181
  /455b9544/3e285999/9313e8c7: R221
  /a7a2bd1a/6efa798e: R131
  /7323d64d/bd5e17e3/17acf17c: Q14
  /b37d1597/91a87fbd/869c943c: Q84
  /bf69b5f9/b72b3e2b/3c09e2c8: R74
  /b37d1597/bd5e17e3/943dab95: R112
  /4d364ad9/bd5e17e3/b8f8edc1: R238
  /4d364ad9/91a87fbd/afc2826d: R254
  /b37d1597/bd5e17e3/6a9ae1df: R111
  /4ffb3e3b/2c92f6a1: D3
  /4d364ad9/bd5e17e3/3184acd8: R237
  /455b9544/43118dbb/e4acbc1d: R212
  /4d364ad9/3e285999/406cfb11: R250
  /a7a2bd1a/3e285999/9313e8c7: R157
  /bf69b5f9/43118dbb/c6e7dabb: R87
  /f3127c67/43118dbb/3c4af7c9: Q30
  /7323d64d/5fb2648c/7ef6607b: Q182
  /bf69b5f9/5fb2648c/4546dbcb: R290
  /bf69b5f9/6762572c/4546dbcb: R288
  /4d364ad9/43118dbb/ac1d31ce: R246
  /7323d64d/43118dbb/877220bf: Q20
  /4d364ad9/b72b3e2b/cd564687: Q153
  /7323d64d/43118dbb/fc568754: Q22
  /455b9544/3e285999/fc568754: Q145
  /bf69b5f9/91a87fbd/afc2826d: R94
  /455b9544/3e285999/ac1d31ce: R219
  /455b9544/bd5e17e3/943dab95: R208
  /4d364ad9/bbf36b14/de3c3848: R317
  /f3127c67/91a87fbd/5b199d2c: Q43
  /bf69b5f9/bbf36b14/7ef6607b: Q183
  /a9e06841/7ef6607b: Q172
  /a7a2bd1a/bd5e17e3/de372515: Q93
  /b37d1597/b72b3e2b/3c09e2c8: R106
  /898c53f9/7ef6607b: Q174
  /a7a2bd1a/bd5e17e3/943dab95: R144
  /bf69b5f9/bd5e17e3/c06780ef: Q52
  /f3127c67/b72b3e2b/de372515: Q3
  /455b9544/bbf36b14/7ef6607b: Q195
  /a7a2bd1a/43118dbb/3c4af7c9: Q99
  /7beba7c8/43118dbb/c6e7dabb: R183
  /bf69b5f9/bd5e17e3/17acf17c: Q50
  /7beba7c8/43118dbb/e4acbc1d: R180
  /7323d64d/b72b3e2b/b8f8edc1: R15
  /7323d64d/3e285999/ac1d31ce: R36
  /455b9544/5fb2648c/de3c3848: R315
  /f3127c67/6762572c/4546dbcb: R276
  /25c341a0/7ef6607b: Q176
  /7323d64d/bd5e17e3/2ac2539a: R26
  /7323d64d/bd5e17e3/3184acd8: R22
  /bf69b5f9/bd5e17e3/5e309dc6: R83
  /f3127c67/43118dbb/ac1d31ce: R47
  /7323d64d/5fb2648c/2c92f6a1: D14
  /b37d1597/b72b3e2b/6a9ae1df: R103
  /7beba7c8/6efa798e: R163
  /a7a2bd1a/bd5e17e3/fc70942b: Q95
  /4d364ad9/bd5e17e3/f80dba93: Q160
  /7323d64d/43118dbb/c6e7dabb: R32
  /bf69b5f9/bd5e17e3/943dab95: R80
  /7323d64d/bd5e17e3/cd564687: Q18
  /455b9544/43118dbb/fc568754: Q142
  /b37d1597/3e285999/877220bf: Q80
  /7beba7c8/91a87fbd/8394089b: R194
  /898c53f9/de3c3848: R268
  /f3127c67/b72b3e2b/3c09e2c8: R10
  /f3127c67/b72b3e2b/b8f8edc1: R6
  /b37d1597/b72b3e2b/0943c08c: R100
  /455b9544/b72b3e2b/cd564687: Q132
  /4d364ad9/b72b3e2b/c06780ef: Q151
  /f3127c67/b72b3e2b/c06780ef: Q4
  /7beba7c8/bd5e17e3/b8f8edc1: R174
  /7323d64d/bbf36b14/7ef6607b: Q180
  /4d364ad9/6762572c/2c92f6a1: D31
  /4d364ad9/bd5e17e3/17acf17c: Q155
  /bf69b5f9/3e285999/ac1d31ce: R91
  /7323d64d/91a87fbd/8dbfc47d: R42
  /7323d64d/b72b3e2b/6a9ae1df: R16
  /70458f73/4546dbcb: R259
  /bf69b5f9/3e285999/c6e7dabb: R92
  /a7a2bd1a/91a87fbd/869c943c: Q105
  /4d364ad9/43118dbb/c6e7dabb: R247
Selected for 0 : /Users/quillansmith/Documents/KiCad/C00000001/../8BitAdder/8BitAdder.kicad_pcb
Anchors  (Q1): ['D1', 'D10', 'D11', 'D12', 'D13', 'D14', 'D15', 'D16', 'D17', 'D18', 'D19', 'D2', 'D20', 'D21', 'D22', 'D23', 'D24', 'D25', 'D26', 'D27', 'D28', 'D29', 'D3', 'D30', 'D31', 'D32', 'D4', 'D5', 'D6', 'D7', 'D8', 'D9', 'Q1', 'Q10', 'Q100', 'Q101', 'Q102', 'Q103', 'Q104', 'Q105', 'Q106', 'Q107', 'Q108', 'Q109', 'Q11', 'Q110', 'Q111', 'Q112', 'Q113', 'Q114', 'Q115', 'Q116', 'Q117', 'Q118', 'Q119', 'Q12', 'Q120', 'Q121', 'Q122', 'Q123', 'Q124', 'Q125', 'Q126', 'Q127', 'Q128', 'Q129', 'Q13', 'Q130', 'Q131', 'Q132', 'Q133', 'Q134', 'Q135', 'Q136', 'Q137', 'Q138', 'Q139', 'Q14', 'Q140', 'Q141', 'Q142', 'Q143', 'Q144', 'Q145', 'Q146', 'Q147', 'Q148', 'Q149', 'Q15', 'Q150', 'Q151', 'Q152', 'Q153', 'Q154', 'Q155', 'Q156', 'Q157', 'Q158', 'Q159', 'Q16', 'Q160', 'Q161', 'Q162', 'Q163', 'Q164', 'Q165', 'Q166', 'Q167', 'Q168', 'Q169', 'Q17', 'Q170', 'Q171', 'Q172', 'Q173', 'Q174', 'Q175', 'Q176', 'Q177', 'Q178', 'Q179', 'Q18', 'Q180', 'Q181', 'Q182', 'Q183', 'Q184', 'Q185', 'Q186', 'Q187', 'Q188', 'Q189', 'Q19', 'Q190', 'Q191', 'Q192', 'Q193', 'Q194', 'Q195', 'Q196', 'Q197', 'Q198', 'Q199', 'Q2', 'Q20', 'Q200', 'Q21', 'Q22', 'Q23', 'Q24', 'Q25', 'Q26', 'Q27', 'Q28', 'Q29', 'Q3', 'Q30', 'Q31', 'Q32', 'Q33', 'Q34', 'Q35', 'Q36', 'Q37', 'Q38', 'Q39', 'Q4', 'Q40', 'Q41', 'Q42', 'Q43', 'Q44', 'Q45', 'Q46', 'Q47', 'Q48', 'Q49', 'Q5', 'Q50', 'Q51', 'Q52', 'Q53', 'Q54', 'Q55', 'Q56', 'Q57', 'Q58', 'Q59', 'Q6', 'Q60', 'Q61', 'Q62', 'Q63', 'Q64', 'Q65', 'Q66', 'Q67', 'Q68', 'Q69', 'Q7', 'Q70', 'Q71', 'Q72', 'Q73', 'Q74', 'Q75', 'Q76', 'Q77', 'Q78', 'Q79', 'Q8', 'Q80', 'Q81', 'Q82', 'Q83', 'Q84', 'Q85', 'Q86', 'Q87', 'Q88', 'Q89', 'Q9', 'Q90', 'Q91', 'Q92', 'Q93', 'Q94', 'Q95', 'Q96', 'Q97', 'Q98', 'Q99', 'R1', 'R10', 'R100', 'R101', 'R102', 'R103', 'R104', 'R105', 'R106', 'R107', 'R108', 'R109', 'R11', 'R110', 'R111', 'R112', 'R113', 'R114', 'R115', 'R116', 'R117', 'R118', 'R119', 'R12', 'R120', 'R121', 'R122', 'R123', 'R124', 'R125', 'R126', 'R127', 'R128', 'R129', 'R13', 'R130', 'R131', 'R132', 'R133', 'R134', 'R135', 'R136', 'R137', 'R138', 'R139', 'R14', 'R140', 'R141', 'R142', 'R143', 'R144', 'R145', 'R146', 'R147', 'R148', 'R149', 'R15', 'R150', 'R151', 'R152', 'R153', 'R154', 'R155', 'R156', 'R157', 'R158', 'R159', 'R16', 'R160', 'R161', 'R162', 'R163', 'R164', 'R165', 'R166', 'R167', 'R168', 'R169', 'R17', 'R170', 'R171', 'R172', 'R173', 'R174', 'R175', 'R176', 'R177', 'R178', 'R179', 'R18', 'R180', 'R181', 'R182', 'R183', 'R184', 'R185', 'R186', 'R187', 'R188', 'R189', 'R19', 'R190', 'R191', 'R192', 'R193', 'R194', 'R195', 'R196', 'R197', 'R198', 'R199', 'R2', 'R20', 'R200', 'R201', 'R202', 'R203', 'R204', 'R205', 'R206', 'R207', 'R208', 'R209', 'R21', 'R210', 'R211', 'R212', 'R213', 'R214', 'R215', 'R216', 'R217', 'R218', 'R219', 'R22', 'R220', 'R221', 'R222', 'R223', 'R224', 'R225', 'R226', 'R227', 'R228', 'R229', 'R23', 'R230', 'R231', 'R232', 'R233', 'R234', 'R235', 'R236', 'R237', 'R238', 'R239', 'R24', 'R240', 'R241', 'R242', 'R243', 'R244', 'R245', 'R246', 'R247', 'R248', 'R249', 'R25', 'R250', 'R251', 'R252', 'R253', 'R254', 'R255', 'R256', 'R257', 'R258', 'R259', 'R26', 'R260', 'R261', 'R262', 'R263', 'R264', 'R265', 'R266', 'R267', 'R268', 'R269', 'R27', 'R270', 'R271', 'R272', 'R273', 'R274', 'R275', 'R276', 'R277', 'R278', 'R279', 'R28', 'R280', 'R281', 'R282', 'R283', 'R284', 'R285', 'R286', 'R287', 'R288', 'R289', 'R29', 'R290', 'R291', 'R292', 'R293', 'R294', 'R295', 'R296', 'R297', 'R298', 'R299', 'R3', 'R30', 'R300', 'R301', 'R302', 'R303', 'R304', 'R305', 'R306', 'R307', 'R308', 'R309', 'R31', 'R310', 'R311', 'R312', 'R313', 'R314', 'R315', 'R316', 'R317', 'R318', 'R319', 'R32', 'R320', 'R321', 'R33', 'R34', 'R35', 'R36', 'R37', 'R38', 'R39', 'R4', 'R40', 'R41', 'R42', 'R43', 'R44', 'R45', 'R46', 'R47', 'R48', 'R49', 'R5', 'R50', 'R51', 'R52', 'R53', 'R54', 'R55', 'R56', 'R57', 'R58', 'R59', 'R6', 'R60', 'R61', 'R62', 'R63', 'R64', 'R65', 'R66', 'R67', 'R68', 'R69', 'R7', 'R70', 'R71', 'R72', 'R73', 'R74', 'R75', 'R76', 'R77', 'R78', 'R79', 'R8', 'R80', 'R81', 'R82', 'R83', 'R84', 'R85', 'R86', 'R87', 'R88', 'R89', 'R9', 'R90', 'R91', 'R92', 'R93', 'R94', 'R95', 'R96', 'R97', 'R98', 'R99']
Saved.
